<?xml version="1.0" encoding="UTF-8"?>
<coverage generated="1763105795953" clover="3.2.0">
  <project timestamp="1763105795953" name="All files">
    <metrics statements="442" coveredstatements="363" conditionals="354" coveredconditionals="269" methods="82" coveredmethods="67" elements="878" coveredelements="699" complexity="0" loc="442" ncloc="442" packages="7" files="11" classes="11"/>
    <package name="src">
      <metrics statements="12" coveredstatements="12" conditionals="0" coveredconditionals="0" methods="1" coveredmethods="1"/>
      <file name="App.tsx" path="C:\Users\mikel\Desktop\Uni\3_maila\1_Sehilekoa\4_Software_Engineering\05_Git\Proiektua\Battlenet-Game\frontend\src\App.tsx">
        <metrics statements="7" coveredstatements="7" conditionals="0" coveredconditionals="0" methods="1" coveredmethods="1"/>
        <line num="1" count="1" type="stmt"/>
        <line num="2" count="1" type="stmt"/>
        <line num="3" count="1" type="stmt"/>
        <line num="4" count="1" type="stmt"/>
        <line num="5" count="1" type="stmt"/>
        <line num="8" count="4" type="stmt"/>
        <line num="28" count="1" type="stmt"/>
      </file>
      <file name="main.tsx" path="C:\Users\mikel\Desktop\Uni\3_maila\1_Sehilekoa\4_Software_Engineering\05_Git\Proiektua\Battlenet-Game\frontend\src\main.tsx">
        <metrics statements="5" coveredstatements="5" conditionals="0" coveredconditionals="0" methods="0" coveredmethods="0"/>
        <line num="1" count="1" type="stmt"/>
        <line num="2" count="1" type="stmt"/>
        <line num="3" count="1" type="stmt"/>
        <line num="4" count="1" type="stmt"/>
        <line num="6" count="1" type="stmt"/>
      </file>
    </package>
    <package name="src.components">
      <metrics statements="38" coveredstatements="38" conditionals="59" coveredconditionals="56" methods="5" coveredmethods="5"/>
      <file name="Board.tsx" path="C:\Users\mikel\Desktop\Uni\3_maila\1_Sehilekoa\4_Software_Engineering\05_Git\Proiektua\Battlenet-Game\frontend\src\components\Board.tsx">
        <metrics statements="18" coveredstatements="18" conditionals="25" coveredconditionals="23" methods="2" coveredmethods="2"/>
        <line num="1" count="6" type="stmt"/>
        <line num="2" count="6" type="stmt"/>
        <line num="23" count="6" type="stmt"/>
        <line num="37" count="415" type="stmt"/>
        <line num="41" count="41500" type="cond" truecount="2" falsecount="0"/>
        <line num="43" count="41500" type="stmt"/>
        <line num="44" count="41500" type="cond" truecount="5" falsecount="0"/>
        <line num="45" count="111" type="stmt"/>
        <line num="46" count="111" type="stmt"/>
        <line num="50" count="41500" type="cond" truecount="6" falsecount="0"/>
        <line num="51" count="3" type="stmt"/>
        <line num="52" count="7" type="cond" truecount="2" falsecount="0"/>
        <line num="53" count="2" type="cond" truecount="1" falsecount="1"/>
        <line num="54" count="2" type="cond" truecount="1" falsecount="1"/>
        <line num="55" count="2" type="stmt"/>
        <line num="56" count="2" type="stmt"/>
        <line num="62" count="41500" type="stmt"/>
        <line num="86" count="6" type="stmt"/>
      </file>
      <file name="Cell.tsx" path="C:\Users\mikel\Desktop\Uni\3_maila\1_Sehilekoa\4_Software_Engineering\05_Git\Proiektua\Battlenet-Game\frontend\src\components\Cell.tsx">
        <metrics statements="20" coveredstatements="20" conditionals="34" coveredconditionals="33" methods="3" coveredmethods="3"/>
        <line num="1" count="7" type="stmt"/>
        <line num="20" count="7" type="stmt"/>
        <line num="37" count="23" type="cond" truecount="5" falsecount="0"/>
        <line num="38" count="13" type="cond" truecount="1" falsecount="1"/>
        <line num="39" count="13" type="stmt"/>
        <line num="42" count="10" type="stmt"/>
        <line num="43" count="10" type="stmt"/>
        <line num="48" count="41519" type="cond" truecount="2" falsecount="0"/>
        <line num="49" count="20504" type="cond" truecount="2" falsecount="0"/>
        <line num="50" count="20501" type="cond" truecount="2" falsecount="0"/>
        <line num="51" count="20498" type="cond" truecount="4" falsecount="0"/>
        <line num="52" count="20435" type="stmt"/>
        <line num="56" count="21015" type="cond" truecount="2" falsecount="0"/>
        <line num="58" count="20205" type="cond" truecount="4" falsecount="0"/>
        <line num="59" count="20199" type="cond" truecount="2" falsecount="0"/>
        <line num="60" count="20197" type="stmt"/>
        <line num="64" count="810" type="stmt"/>
        <line num="67" count="41519" type="cond" truecount="2" falsecount="0"/>
        <line num="69" count="41519" type="stmt"/>
        <line num="76" count="7" type="stmt"/>
      </file>
    </package>
    <package name="src.lib">
      <metrics statements="61" coveredstatements="59" conditionals="22" coveredconditionals="21" methods="11" coveredmethods="11"/>
      <file name="api.ts" path="C:\Users\mikel\Desktop\Uni\3_maila\1_Sehilekoa\4_Software_Engineering\05_Git\Proiektua\Battlenet-Game\frontend\src\lib\api.ts">
        <metrics statements="11" coveredstatements="11" conditionals="8" coveredconditionals="8" methods="1" coveredmethods="1"/>
        <line num="4" count="7" type="stmt"/>
        <line num="5" count="65" type="cond" truecount="2" falsecount="0"/>
        <line num="6" count="65" type="stmt"/>
        <line num="15" count="65" type="stmt"/>
        <line num="16" count="63" type="cond" truecount="2" falsecount="0"/>
        <line num="17" count="2" type="stmt"/>
        <line num="18" count="2" type="stmt"/>
        <line num="21" count="61" type="stmt"/>
        <line num="22" count="61" type="stmt"/>
        <line num="23" count="61" type="cond" truecount="2" falsecount="0"/>
        <line num="26" count="1" type="stmt"/>
      </file>
      <file name="data.ts" path="C:\Users\mikel\Desktop\Uni\3_maila\1_Sehilekoa\4_Software_Engineering\05_Git\Proiektua\Battlenet-Game\frontend\src\lib\data.ts">
        <metrics statements="50" coveredstatements="48" conditionals="14" coveredconditionals="13" methods="10" coveredmethods="10"/>
        <line num="2" count="6" type="stmt"/>
        <line num="3" count="6" type="stmt"/>
        <line num="4" count="6" type="stmt"/>
        <line num="5" count="6" type="stmt"/>
        <line num="6" count="6" type="stmt"/>
        <line num="8" count="6" type="stmt"/>
        <line num="10" count="6" type="stmt"/>
        <line num="20" count="235" type="cond" truecount="2" falsecount="0"/>
        <line num="21" count="23" type="stmt"/>
        <line num="22" count="23" type="stmt"/>
        <line num="23" count="19" type="stmt"/>
        <line num="25" count="4" type="stmt"/>
        <line num="29" count="6" type="stmt"/>
        <line num="30" count="48" type="stmt"/>
        <line num="31" count="48" type="stmt"/>
        <line num="33" count="48" type="cond" truecount="4" falsecount="0"/>
        <line num="34" count="2" type="stmt"/>
        <line num="35" count="2" type="stmt"/>
        <line num="37" count="46" type="stmt"/>
        <line num="40" count="6" type="stmt"/>
        <line num="41" count="11" type="stmt"/>
        <line num="44" count="6" type="stmt"/>
        <line num="45" count="47" type="stmt"/>
        <line num="46" count="47" type="stmt"/>
        <line num="47" count="47" type="cond" truecount="3" falsecount="1"/>
        <line num="48" count="0" type="stmt"/>
        <line num="49" count="0" type="stmt"/>
        <line num="51" count="47" type="stmt"/>
        <line num="54" count="6" type="stmt"/>
        <line num="55" count="7" type="stmt"/>
        <line num="58" count="6" type="stmt"/>
        <line num="59" count="47" type="stmt"/>
        <line num="60" count="47" type="stmt"/>
        <line num="63" count="6" type="stmt"/>
        <line num="64" count="7" type="stmt"/>
        <line num="67" count="6" type="stmt"/>
        <line num="68" count="93" type="cond" truecount="2" falsecount="0"/>
        <line num="69" count="93" type="stmt"/>
        <line num="70" count="93" type="stmt"/>
        <line num="73" count="6" type="stmt"/>
        <line num="74" count="12" type="cond" truecount="2" falsecount="0"/>
        <line num="75" count="12" type="stmt"/>
        <line num="79" count="6" type="stmt"/>
        <line num="80" count="5" type="stmt"/>
        <line num="81" count="5" type="stmt"/>
        <line num="82" count="4" type="stmt"/>
        <line num="83" count="4" type="stmt"/>
        <line num="84" count="4" type="stmt"/>
        <line num="85" count="4" type="stmt"/>
        <line num="88" count="5" type="stmt"/>
      </file>
    </package>
    <package name="src.pages">
      <metrics statements="10" coveredstatements="10" conditionals="0" coveredconditionals="0" methods="5" coveredmethods="5"/>
      <file name="ConnectivityTest.tsx" path="C:\Users\mikel\Desktop\Uni\3_maila\1_Sehilekoa\4_Software_Engineering\05_Git\Proiektua\Battlenet-Game\frontend\src\pages\ConnectivityTest.tsx">
        <metrics statements="10" coveredstatements="10" conditionals="0" coveredconditionals="0" methods="5" coveredmethods="5"/>
        <line num="1" count="2" type="stmt"/>
        <line num="4" count="7" type="stmt"/>
        <line num="7" count="2" type="stmt"/>
        <line num="8" count="1" type="stmt"/>
        <line num="10" count="1" type="stmt"/>
        <line num="11" count="1" type="stmt"/>
        <line num="14" count="1" type="stmt"/>
        <line num="15" count="1" type="stmt"/>
        <line num="20" count="7" type="stmt"/>
        <line num="29" count="2" type="stmt"/>
      </file>
    </package>
    <package name="src.pages.Game">
      <metrics statements="317" coveredstatements="240" conditionals="273" coveredconditionals="192" methods="59" coveredmethods="44"/>
      <file name="Game.tsx" path="C:\Users\mikel\Desktop\Uni\3_maila\1_Sehilekoa\4_Software_Engineering\05_Git\Proiektua\Battlenet-Game\frontend\src\pages\Game\Game.tsx">
        <metrics statements="227" coveredstatements="150" conditionals="172" coveredconditionals="104" methods="42" coveredmethods="27"/>
        <line num="1" count="6" type="stmt"/>
        <line num="2" count="6" type="stmt"/>
        <line num="3" count="6" type="stmt"/>
        <line num="4" count="6" type="stmt"/>
        <line num="17" count="6" type="stmt"/>
        <line num="18" count="6" type="stmt"/>
        <line num="53" count="6" type="stmt"/>
        <line num="55" count="209" type="stmt"/>
        <line num="57" count="209" type="stmt"/>
        <line num="59" count="209" type="stmt"/>
        <line num="60" count="209" type="stmt"/>
        <line num="61" count="209" type="stmt"/>
        <line num="62" count="209" type="stmt"/>
        <line num="63" count="209" type="stmt"/>
        <line num="66" count="209" type="stmt"/>
        <line num="75" count="209" type="stmt"/>
        <line num="76" count="209" type="stmt"/>
        <line num="77" count="209" type="stmt"/>
        <line num="78" count="209" type="stmt"/>
        <line num="79" count="209" type="stmt"/>
        <line num="80" count="209" type="stmt"/>
        <line num="81" count="209" type="stmt"/>
        <line num="82" count="209" type="stmt"/>
        <line num="83" count="209" type="stmt"/>
        <line num="87" count="5" type="cond" truecount="4" falsecount="0"/>
        <line num="88" count="2" type="stmt"/>
        <line num="89" count="2" type="stmt"/>
        <line num="93" count="3" type="cond" truecount="1" falsecount="1"/>
        <line num="95" count="3" type="cond" truecount="1" falsecount="1"/>
        <line num="97" count="3" type="cond" truecount="1" falsecount="1"/>
        <line num="98" count="3" type="cond" truecount="1" falsecount="1"/>
        <line num="100" count="3" type="stmt"/>
        <line num="102" count="3" type="cond" truecount="3" falsecount="1"/>
        <line num="103" count="0" type="stmt"/>
        <line num="104" count="0" type="stmt"/>
        <line num="108" count="3" type="stmt"/>
        <line num="109" count="3" type="stmt"/>
        <line num="111" count="3" type="cond" truecount="1" falsecount="1"/>
        <line num="112" count="3" type="stmt"/>
        <line num="117" count="3" type="cond" truecount="1" falsecount="1"/>
        <line num="118" count="3" type="stmt"/>
        <line num="121" count="3" type="cond" truecount="1" falsecount="1"/>
        <line num="123" count="3" type="cond" truecount="1" falsecount="1"/>
        <line num="124" count="3" type="stmt"/>
        <line num="125" count="3" type="stmt"/>
        <line num="126" count="3" type="stmt"/>
        <line num="127" count="0" type="stmt"/>
        <line num="129" count="0" type="stmt"/>
        <line num="132" count="0" type="stmt"/>
        <line num="133" count="0" type="stmt"/>
        <line num="134" count="0" type="stmt"/>
        <line num="135" count="0" type="stmt"/>
        <line num="136" count="0" type="stmt"/>
        <line num="140" count="3" type="cond" truecount="1" falsecount="1"/>
        <line num="141" count="0" type="stmt"/>
        <line num="142" count="0" type="stmt"/>
        <line num="143" count="0" type="cond" truecount="0" falsecount="2"/>
        <line num="146" count="3" type="cond" truecount="1" falsecount="1"/>
        <line num="149" count="0" type="stmt"/>
        <line num="150" count="0" type="stmt"/>
        <line num="154" count="0" type="cond" truecount="0" falsecount="4"/>
        <line num="155" count="0" type="stmt"/>
        <line num="156" count="0" type="stmt"/>
        <line num="158" count="0" type="stmt"/>
        <line num="159" count="0" type="stmt"/>
        <line num="162" count="0" type="cond" truecount="0" falsecount="2"/>
        <line num="163" count="0" type="stmt"/>
        <line num="164" count="0" type="stmt"/>
        <line num="165" count="0" type="stmt"/>
        <line num="167" count="0" type="stmt"/>
        <line num="168" count="0" type="cond" truecount="0" falsecount="2"/>
        <line num="169" count="0" type="stmt"/>
        <line num="170" count="0" type="stmt"/>
        <line num="171" count="0" type="stmt"/>
        <line num="174" count="0" type="stmt"/>
        <line num="175" count="0" type="stmt"/>
        <line num="176" count="0" type="stmt"/>
        <line num="178" count="0" type="stmt"/>
        <line num="179" count="0" type="cond" truecount="0" falsecount="2"/>
        <line num="180" count="0" type="stmt"/>
        <line num="181" count="0" type="stmt"/>
        <line num="182" count="0" type="stmt"/>
        <line num="186" count="0" type="cond" truecount="0" falsecount="2"/>
        <line num="193" count="0" type="cond" truecount="0" falsecount="2"/>
        <line num="194" count="0" type="cond" truecount="0" falsecount="2"/>
        <line num="196" count="0" type="stmt"/>
        <line num="197" count="0" type="stmt"/>
        <line num="198" count="0" type="cond" truecount="0" falsecount="2"/>
        <line num="199" count="0" type="cond" truecount="0" falsecount="2"/>
        <line num="200" count="0" type="stmt"/>
        <line num="202" count="0" type="stmt"/>
        <line num="204" count="0" type="stmt"/>
        <line num="210" count="5" type="stmt"/>
        <line num="212" count="5" type="stmt"/>
        <line num="213" count="5" type="stmt"/>
        <line num="214" count="5" type="stmt"/>
        <line num="215" count="5" type="cond" truecount="1" falsecount="1"/>
        <line num="216" count="5" type="cond" truecount="1" falsecount="1"/>
        <line num="217" count="5" type="stmt"/>
        <line num="218" count="5" type="stmt"/>
        <line num="219" count="5" type="stmt"/>
        <line num="220" count="5" type="stmt"/>
        <line num="221" count="5" type="stmt"/>
        <line num="222" count="5" type="stmt"/>
        <line num="223" count="5" type="stmt"/>
        <line num="224" count="5" type="stmt"/>
        <line num="225" count="5" type="stmt"/>
        <line num="226" count="5" type="stmt"/>
        <line num="230" count="5" type="stmt"/>
        <line num="231" count="5" type="stmt"/>
        <line num="232" count="5" type="stmt"/>
        <line num="234" count="5" type="stmt"/>
        <line num="236" count="5" type="stmt"/>
        <line num="241" count="23" type="cond" truecount="2" falsecount="0"/>
        <line num="242" count="3" type="stmt"/>
        <line num="243" count="3" type="stmt"/>
        <line num="246" count="20" type="cond" truecount="1" falsecount="1"/>
        <line num="247" count="20" type="cond" truecount="1" falsecount="1"/>
        <line num="248" count="0" type="stmt"/>
        <line num="249" count="0" type="stmt"/>
        <line num="251" count="20" type="stmt"/>
        <line num="255" count="213" type="stmt"/>
        <line num="256" count="289" type="cond" truecount="2" falsecount="0"/>
        <line num="257" count="289" type="stmt"/>
        <line num="262" count="4" type="cond" truecount="1" falsecount="1"/>
        <line num="263" count="0" type="stmt"/>
        <line num="264" count="0" type="stmt"/>
        <line num="266" count="4" type="cond" truecount="2" falsecount="0"/>
        <line num="267" count="2" type="stmt"/>
        <line num="270" count="4" type="cond" truecount="2" falsecount="0"/>
        <line num="272" count="2" type="stmt"/>
        <line num="273" count="2" type="stmt"/>
        <line num="274" count="2" type="cond" truecount="1" falsecount="1"/>
        <line num="275" count="0" type="stmt"/>
        <line num="276" count="0" type="cond" truecount="0" falsecount="2"/>
        <line num="277" count="0" type="stmt"/>
        <line num="278" count="0" type="stmt"/>
        <line num="281" count="2" type="stmt"/>
        <line num="282" count="2" type="stmt"/>
        <line num="283" count="2" type="cond" truecount="1" falsecount="1"/>
        <line num="284" count="2" type="stmt"/>
        <line num="285" count="2" type="stmt"/>
        <line num="286" count="2" type="cond" truecount="1" falsecount="1"/>
        <line num="288" count="0" type="cond" truecount="0" falsecount="2"/>
        <line num="291" count="0" type="stmt"/>
        <line num="292" count="0" type="stmt"/>
        <line num="295" count="2" type="stmt"/>
        <line num="301" count="15" type="cond" truecount="1" falsecount="1"/>
        <line num="302" count="15" type="cond" truecount="3" falsecount="1"/>
        <line num="303" count="0" type="stmt"/>
        <line num="304" count="0" type="stmt"/>
        <line num="307" count="15" type="cond" truecount="1" falsecount="1"/>
        <line num="308" count="15" type="stmt"/>
        <line num="309" count="15" type="cond" truecount="2" falsecount="0"/>
        <line num="310" count="3" type="stmt"/>
        <line num="311" count="3" type="stmt"/>
        <line num="313" count="12" type="stmt"/>
        <line num="315" count="12" type="stmt"/>
        <line num="316" count="56" type="stmt"/>
        <line num="319" count="12" type="cond" truecount="2" falsecount="0"/>
        <line num="320" count="6" type="stmt"/>
        <line num="321" count="6" type="stmt"/>
        <line num="322" count="6" type="stmt"/>
        <line num="334" count="6" type="stmt"/>
        <line num="336" count="6" type="cond" truecount="4" falsecount="0"/>
        <line num="337" count="1" type="cond" truecount="1" falsecount="1"/>
        <line num="338" count="1" type="stmt"/>
        <line num="342" count="5" type="cond" truecount="1" falsecount="1"/>
        <line num="343" count="5" type="stmt"/>
        <line num="344" count="5" type="stmt"/>
        <line num="345" count="5" type="stmt"/>
        <line num="346" count="5" type="stmt"/>
        <line num="347" count="5" type="stmt"/>
        <line num="348" count="5" type="stmt"/>
        <line num="351" count="0" type="stmt"/>
        <line num="352" count="0" type="stmt"/>
        <line num="353" count="0" type="stmt"/>
        <line num="354" count="0" type="stmt"/>
        <line num="355" count="0" type="stmt"/>
        <line num="356" count="0" type="stmt"/>
        <line num="359" count="5" type="stmt"/>
        <line num="360" count="5" type="cond" truecount="2" falsecount="2"/>
        <line num="363" count="0" type="stmt"/>
        <line num="364" count="0" type="stmt"/>
        <line num="368" count="6" type="stmt"/>
        <line num="369" count="6" type="cond" truecount="1" falsecount="1"/>
        <line num="370" count="6" type="stmt"/>
        <line num="371" count="6" type="stmt"/>
        <line num="372" count="6" type="stmt"/>
        <line num="374" count="0" type="stmt"/>
        <line num="375" count="0" type="stmt"/>
        <line num="376" count="0" type="stmt"/>
        <line num="379" count="6" type="stmt"/>
        <line num="380" count="6" type="stmt"/>
        <line num="387" count="209" type="stmt"/>
        <line num="388" count="103" type="stmt"/>
        <line num="389" count="103" type="stmt"/>
        <line num="390" count="102" type="cond" truecount="2" falsecount="0"/>
        <line num="392" count="1" type="stmt"/>
        <line num="393" count="1" type="stmt"/>
        <line num="397" count="209" type="stmt"/>
        <line num="402" count="103" type="stmt"/>
        <line num="408" count="108" type="stmt"/>
        <line num="409" count="108" type="stmt"/>
        <line num="410" count="103" type="stmt"/>
        <line num="411" count="103" type="cond" truecount="2" falsecount="0"/>
        <line num="412" count="44" type="stmt"/>
        <line num="413" count="44" type="stmt"/>
        <line num="415" count="59" type="cond" truecount="2" falsecount="0"/>
        <line num="418" count="5" type="stmt"/>
        <line num="419" count="5" type="stmt"/>
        <line num="429" count="0" type="stmt"/>
        <line num="439" count="0" type="stmt"/>
        <line num="440" count="0" type="stmt"/>
        <line num="441" count="0" type="stmt"/>
        <line num="442" count="0" type="stmt"/>
        <line num="447" count="209" type="stmt"/>
        <line num="462" count="0" type="stmt"/>
        <line num="463" count="0" type="stmt"/>
        <line num="480" count="2" type="cond" truecount="2" falsecount="0"/>
        <line num="481" count="8" type="cond" truecount="2" falsecount="0"/>
        <line num="487" count="1" type="stmt"/>
        <line num="493" count="5" type="stmt"/>
        <line num="501" count="4" type="stmt"/>
        <line num="511" count="1045" type="cond" truecount="2" falsecount="0"/>
        <line num="512" count="1045" type="stmt"/>
        <line num="521" count="23" type="stmt"/>
      </file>
      <file name="helpers.ts" path="C:\Users\mikel\Desktop\Uni\3_maila\1_Sehilekoa\4_Software_Engineering\05_Git\Proiektua\Battlenet-Game\frontend\src\pages\Game\helpers.ts">
        <metrics statements="90" coveredstatements="90" conditionals="101" coveredconditionals="88" methods="17" coveredmethods="17"/>
        <line num="3" count="15" type="stmt"/>
        <line num="4" count="10" type="stmt"/>
        <line num="5" count="10" type="stmt"/>
        <line num="6" count="24" type="cond" truecount="1" falsecount="1"/>
        <line num="7" count="24" type="cond" truecount="1" falsecount="1"/>
        <line num="8" count="31" type="stmt"/>
        <line num="9" count="24" type="cond" truecount="2" falsecount="0"/>
        <line num="11" count="10" type="stmt"/>
        <line num="14" count="15" type="stmt"/>
        <line num="15" count="23" type="stmt"/>
        <line num="20" count="15" type="stmt"/>
        <line num="21" count="20" type="stmt"/>
        <line num="22" count="20" type="stmt"/>
        <line num="23" count="20" type="stmt"/>
        <line num="25" count="20" type="cond" truecount="2" falsecount="0"/>
        <line num="26" count="17" type="cond" truecount="2" falsecount="0"/>
        <line num="27" count="15" type="stmt"/>
        <line num="28" count="62" type="cond" truecount="2" falsecount="0"/>
        <line num="29" count="60" type="stmt"/>
        <line num="31" count="13" type="stmt"/>
        <line num="35" count="3" type="cond" truecount="2" falsecount="0"/>
        <line num="36" count="1" type="stmt"/>
        <line num="37" count="3" type="stmt"/>
        <line num="38" count="3" type="cond" truecount="1" falsecount="1"/>
        <line num="39" count="3" type="stmt"/>
        <line num="41" count="1" type="stmt"/>
        <line num="52" count="15" type="stmt"/>
        <line num="53" count="6" type="stmt"/>
        <line num="54" count="6" type="stmt"/>
        <line num="55" count="6" type="stmt"/>
        <line num="56" count="6" type="stmt"/>
        <line num="57" count="6" type="stmt"/>
        <line num="59" count="6" type="stmt"/>
        <line num="60" count="6" type="cond" truecount="2" falsecount="0"/>
        <line num="62" count="6" type="cond" truecount="4" falsecount="0"/>
        <line num="63" count="4" type="stmt"/>
        <line num="64" count="4" type="stmt"/>
        <line num="66" count="2" type="stmt"/>
        <line num="67" count="2" type="stmt"/>
        <line num="71" count="6" type="stmt"/>
        <line num="73" count="6" type="cond" truecount="4" falsecount="0"/>
        <line num="74" count="1" type="cond" truecount="1" falsecount="1"/>
        <line num="77" count="17" type="cond" truecount="3" falsecount="0"/>
        <line num="79" count="5" type="cond" truecount="1" falsecount="1"/>
        <line num="80" count="6" type="stmt"/>
        <line num="82" count="5" type="cond" truecount="2" falsecount="0"/>
        <line num="83" count="1" type="cond" truecount="1" falsecount="1"/>
        <line num="87" count="6" type="cond" truecount="2" falsecount="0"/>
        <line num="88" count="4" type="cond" truecount="1" falsecount="1"/>
        <line num="91" count="6" type="stmt"/>
        <line num="94" count="15" type="stmt"/>
        <line num="95" count="106" type="cond" truecount="3" falsecount="0"/>
        <line num="96" count="106" type="cond" truecount="2" falsecount="0"/>
        <line num="97" count="60" type="cond" truecount="2" falsecount="0"/>
        <line num="100" count="15" type="stmt"/>
        <line num="102" count="11" type="cond" truecount="5" falsecount="0"/>
        <line num="103" count="3" type="cond" truecount="3" falsecount="1"/>
        <line num="105" count="1" type="stmt"/>
        <line num="106" count="1" type="cond" truecount="1" falsecount="1"/>
        <line num="109" count="8" type="stmt"/>
        <line num="110" count="8" type="cond" truecount="2" falsecount="0"/>
        <line num="113" count="15" type="stmt"/>
        <line num="114" count="5" type="cond" truecount="6" falsecount="0"/>
        <line num="115" count="2" type="cond" truecount="2" falsecount="0"/>
        <line num="118" count="15" type="stmt"/>
        <line num="119" count="2" type="cond" truecount="2" falsecount="0"/>
        <line num="120" count="2" type="cond" truecount="2" falsecount="0"/>
        <line num="121" count="2" type="cond" truecount="1" falsecount="1"/>
        <line num="122" count="2" type="cond" truecount="2" falsecount="0"/>
        <line num="123" count="2" type="cond" truecount="1" falsecount="1"/>
        <line num="124" count="2" type="stmt"/>
        <line num="125" count="2" type="stmt"/>
        <line num="128" count="15" type="stmt"/>
        <line num="130" count="6" type="stmt"/>
        <line num="139" count="15" type="stmt"/>
        <line num="145" count="5" type="cond" truecount="4" falsecount="0"/>
        <line num="146" count="3" type="stmt"/>
        <line num="147" count="3" type="stmt"/>
        <line num="148" count="3" type="cond" truecount="2" falsecount="0"/>
        <line num="149" count="2" type="stmt"/>
        <line num="151" count="1" type="stmt"/>
        <line num="154" count="15" type="stmt"/>
        <line num="160" count="10" type="cond" truecount="2" falsecount="0"/>
        <line num="161" count="5" type="cond" truecount="2" falsecount="0"/>
        <line num="163" count="5" type="cond" truecount="2" falsecount="0"/>
        <line num="166" count="15" type="stmt"/>
        <line num="173" count="12" type="stmt"/>
        <line num="174" count="41" type="stmt"/>
        <line num="175" count="12" type="stmt"/>
        <line num="176" count="12" type="stmt"/>
      </file>
    </package>
    <package name="src.pages.Home">
      <metrics statements="3" coveredstatements="3" conditionals="0" coveredconditionals="0" methods="1" coveredmethods="1"/>
      <file name="Home.tsx" path="C:\Users\mikel\Desktop\Uni\3_maila\1_Sehilekoa\4_Software_Engineering\05_Git\Proiektua\Battlenet-Game\frontend\src\pages\Home\Home.tsx">
        <metrics statements="3" coveredstatements="3" conditionals="0" coveredconditionals="0" methods="1" coveredmethods="1"/>
        <line num="1" count="2" type="stmt"/>
        <line num="4" count="4" type="stmt"/>
        <line num="14" count="2" type="stmt"/>
      </file>
    </package>
    <package name="test.mocks">
      <metrics statements="1" coveredstatements="1" conditionals="0" coveredconditionals="0" methods="0" coveredmethods="0"/>
      <file name="styleMock.js" path="C:\Users\mikel\Desktop\Uni\3_maila\1_Sehilekoa\4_Software_Engineering\05_Git\Proiektua\Battlenet-Game\frontend\test\mocks\styleMock.js">
        <metrics statements="1" coveredstatements="1" conditionals="0" coveredconditionals="0" methods="0" coveredmethods="0"/>
        <line num="1" count="8" type="stmt"/>
      </file>
    </package>
  </project>
</coverage>
