{"C:\\Users\\aitzo\\1.KUATRI\\SoftwareEngineering\\Battlenet Game\\frontend\\src\\App.tsx": {"path":"C:\\Users\\aitzo\\1.KUATRI\\SoftwareEngineering\\Battlenet Game\\frontend\\src\\App.tsx","statementMap":{"0":{"start":{"line":1,"column":0},"end":{"line":1,"column":69}},"1":{"start":{"line":2,"column":0},"end":{"line":2,"column":18}},"2":{"start":{"line":3,"column":0},"end":{"line":3,"column":36}},"3":{"start":{"line":4,"column":0},"end":{"line":4,"column":43}},"4":{"start":{"line":5,"column":0},"end":{"line":5,"column":36}},"5":{"start":{"line":8,"column":2},"end":{"line":25,"column":null}},"6":{"start":{"line":28,"column":0},"end":{"line":28,"column":null}}},"fnMap":{"0":{"name":"App","decl":{"start":{"line":7,"column":9},"end":{"line":7,"column":12}},"loc":{"start":{"line":7,"column":12},"end":{"line":26,"column":1}}}},"branchMap":{},"s":{"0":1,"1":1,"2":1,"3":1,"4":1,"5":4,"6":1},"f":{"0":4},"b":{}}
,"C:\\Users\\aitzo\\1.KUATRI\\SoftwareEngineering\\Battlenet Game\\frontend\\src\\main.tsx": {"path":"C:\\Users\\aitzo\\1.KUATRI\\SoftwareEngineering\\Battlenet Game\\frontend\\src\\main.tsx","statementMap":{"0":{"start":{"line":1,"column":0},"end":{"line":1,"column":34}},"1":{"start":{"line":2,"column":0},"end":{"line":2,"column":45}},"2":{"start":{"line":3,"column":0},"end":{"line":3,"column":20}},"3":{"start":{"line":4,"column":0},"end":{"line":4,"column":27}},"4":{"start":{"line":6,"column":0},"end":{"line":10,"column":null}}},"fnMap":{},"branchMap":{},"s":{"0":1,"1":1,"2":1,"3":1,"4":1},"f":{},"b":{}}
,"C:\\Users\\aitzo\\1.KUATRI\\SoftwareEngineering\\Battlenet Game\\frontend\\src\\components\\Board.tsx": {"path":"C:\\Users\\aitzo\\1.KUATRI\\SoftwareEngineering\\Battlenet Game\\frontend\\src\\components\\Board.tsx","statementMap":{"0":{"start":{"line":1,"column":0},"end":{"line":1,"column":26}},"1":{"start":{"line":2,"column":0},"end":{"line":2,"column":26}},"2":{"start":{"line":23,"column":36},"end":{"line":84,"column":1}},"3":{"start":{"line":37,"column":4},"end":{"line":83,"column":6}},"4":{"start":{"line":41,"column":28},"end":{"line":41,"column":57}},"5":{"start":{"line":43,"column":29},"end":{"line":43,"column":34}},"6":{"start":{"line":44,"column":16},"end":{"line":47,"column":17}},"7":{"start":{"line":45,"column":35},"end":{"line":45,"column":53}},"8":{"start":{"line":46,"column":20},"end":{"line":46,"column":49}},"9":{"start":{"line":50,"column":16},"end":{"line":60,"column":17}},"10":{"start":{"line":51,"column":20},"end":{"line":59,"column":21}},"11":{"start":{"line":52,"column":24},"end":{"line":58,"column":25}},"12":{"start":{"line":53,"column":46},"end":{"line":53,"column":68}},"13":{"start":{"line":54,"column":28},"end":{"line":57,"column":29}},"14":{"start":{"line":55,"column":32},"end":{"line":55,"column":46}},"15":{"start":{"line":56,"column":32},"end":{"line":56,"column":38}},"16":{"start":{"line":62,"column":16},"end":{"line":80,"column":18}},"17":{"start":{"line":86,"column":0},"end":{"line":86,"column":21}}},"fnMap":{"0":{"name":"(anonymous_1)","decl":{"start":{"line":23,"column":36},"end":{"line":23,"column":37}},"loc":{"start":{"line":36,"column":5},"end":{"line":84,"column":1}}},"1":{"name":"(anonymous_2)","decl":{"start":{"line":39,"column":23},"end":{"line":39,"column":24}},"loc":{"start":{"line":39,"column":39},"end":{"line":81,"column":13}}}},"branchMap":{"0":{"loc":{"start":{"line":27,"column":4},"end":{"line":27,"column":24}},"type":"default-arg","locations":[{"start":{"line":27,"column":19},"end":{"line":27,"column":24}}]},"1":{"loc":{"start":{"line":28,"column":4},"end":{"line":28,"column":23}},"type":"default-arg","locations":[{"start":{"line":28,"column":18},"end":{"line":28,"column":23}}]},"2":{"loc":{"start":{"line":29,"column":4},"end":{"line":29,"column":27}},"type":"default-arg","locations":[{"start":{"line":29,"column":22},"end":{"line":29,"column":27}}]},"3":{"loc":{"start":{"line":30,"column":4},"end":{"line":30,"column":24}},"type":"default-arg","locations":[{"start":{"line":30,"column":20},"end":{"line":30,"column":24}}]},"4":{"loc":{"start":{"line":31,"column":4},"end":{"line":31,"column":25}},"type":"default-arg","locations":[{"start":{"line":31,"column":24},"end":{"line":31,"column":25}}]},"5":{"loc":{"start":{"line":33,"column":4},"end":{"line":33,"column":30}},"type":"default-arg","locations":[{"start":{"line":33,"column":18},"end":{"line":33,"column":30}}]},"6":{"loc":{"start":{"line":41,"column":40},"end":{"line":41,"column":55}},"type":"binary-expr","locations":[{"start":{"line":41,"column":40},"end":{"line":41,"column":44}},{"start":{"line":41,"column":48},"end":{"line":41,"column":55}}]},"7":{"loc":{"start":{"line":44,"column":16},"end":{"line":47,"column":17}},"type":"if","locations":[{"start":{"line":44,"column":16},"end":{"line":47,"column":17}},{"start":{},"end":{}}]},"8":{"loc":{"start":{"line":44,"column":20},"end":{"line":44,"column":85}},"type":"binary-expr","locations":[{"start":{"line":44,"column":20},"end":{"line":44,"column":44}},{"start":{"line":44,"column":48},"end":{"line":44,"column":72}},{"start":{"line":44,"column":76},"end":{"line":44,"column":85}}]},"9":{"loc":{"start":{"line":50,"column":16},"end":{"line":60,"column":17}},"type":"if","locations":[{"start":{"line":50,"column":16},"end":{"line":60,"column":17}},{"start":{},"end":{}}]},"10":{"loc":{"start":{"line":50,"column":20},"end":{"line":50,"column":78}},"type":"binary-expr","locations":[{"start":{"line":50,"column":20},"end":{"line":50,"column":32}},{"start":{"line":50,"column":36},"end":{"line":50,"column":50}},{"start":{"line":50,"column":54},"end":{"line":50,"column":65}},{"start":{"line":50,"column":69},"end":{"line":50,"column":78}}]},"11":{"loc":{"start":{"line":52,"column":24},"end":{"line":58,"column":25}},"type":"if","locations":[{"start":{"line":52,"column":24},"end":{"line":58,"column":25}},{"start":{},"end":{}}]},"12":{"loc":{"start":{"line":53,"column":46},"end":{"line":53,"column":68}},"type":"binary-expr","locations":[{"start":{"line":53,"column":46},"end":{"line":53,"column":62}},{"start":{"line":53,"column":66},"end":{"line":53,"column":68}}]},"13":{"loc":{"start":{"line":54,"column":28},"end":{"line":57,"column":29}},"type":"if","locations":[{"start":{"line":54,"column":28},"end":{"line":57,"column":29}},{"start":{},"end":{}}]}},"s":{"0":6,"1":6,"2":6,"3":415,"4":41500,"5":41500,"6":41500,"7":111,"8":111,"9":41500,"10":3,"11":7,"12":2,"13":2,"14":2,"15":2,"16":41500,"17":6},"f":{"0":415,"1":41500},"b":{"0":[213],"1":[210],"2":[213],"3":[213],"4":[213],"5":[214],"6":[41500,41371],"7":[111,41389],"8":[41500,129,117],"9":[3,41497],"10":[41500,20200,3,3],"11":[2,5],"12":[2,0],"13":[2,0]}}
,"C:\\Users\\aitzo\\1.KUATRI\\SoftwareEngineering\\Battlenet Game\\frontend\\src\\components\\Cell.tsx": {"path":"C:\\Users\\aitzo\\1.KUATRI\\SoftwareEngineering\\Battlenet Game\\frontend\\src\\components\\Cell.tsx","statementMap":{"0":{"start":{"line":1,"column":0},"end":{"line":1,"column":26}},"1":{"start":{"line":20,"column":34},"end":{"line":74,"column":1}},"2":{"start":{"line":37,"column":4},"end":{"line":40,"column":5}},"3":{"start":{"line":38,"column":8},"end":{"line":38,"column":87}},"4":{"start":{"line":39,"column":8},"end":{"line":39,"column":15}},"5":{"start":{"line":42,"column":19},"end":{"line":42,"column":27}},"6":{"start":{"line":43,"column":4},"end":{"line":43,"column":39}},"7":{"start":{"line":48,"column":4},"end":{"line":53,"column":5}},"8":{"start":{"line":49,"column":8},"end":{"line":49,"column":41}},"9":{"start":{"line":49,"column":29},"end":{"line":49,"column":41}},"10":{"start":{"line":50,"column":8},"end":{"line":50,"column":41}},"11":{"start":{"line":50,"column":30},"end":{"line":50,"column":41}},"12":{"start":{"line":51,"column":8},"end":{"line":51,"column":80}},"13":{"start":{"line":51,"column":68},"end":{"line":51,"column":80}},"14":{"start":{"line":52,"column":8},"end":{"line":52,"column":24}},"15":{"start":{"line":56,"column":4},"end":{"line":61,"column":5}},"16":{"start":{"line":58,"column":8},"end":{"line":58,"column":61}},"17":{"start":{"line":58,"column":50},"end":{"line":58,"column":61}},"18":{"start":{"line":59,"column":8},"end":{"line":59,"column":41}},"19":{"start":{"line":59,"column":30},"end":{"line":59,"column":41}},"20":{"start":{"line":60,"column":8},"end":{"line":60,"column":20}},"21":{"start":{"line":64,"column":4},"end":{"line":64,"column":20}},"22":{"start":{"line":67,"column":22},"end":{"line":67,"column":52}},"23":{"start":{"line":69,"column":4},"end":{"line":73,"column":6}},"24":{"start":{"line":76,"column":0},"end":{"line":76,"column":20}}},"fnMap":{"0":{"name":"(anonymous_1)","decl":{"start":{"line":20,"column":34},"end":{"line":20,"column":35}},"loc":{"start":{"line":34,"column":5},"end":{"line":74,"column":1}}},"1":{"name":"handleClick","decl":{"start":{"line":35,"column":9},"end":{"line":35,"column":20}},"loc":{"start":{"line":35,"column":20},"end":{"line":44,"column":1}}},"2":{"name":"renderContent","decl":{"start":{"line":46,"column":9},"end":{"line":46,"column":22}},"loc":{"start":{"line":46,"column":22},"end":{"line":65,"column":1}}}},"branchMap":{"0":{"loc":{"start":{"line":26,"column":4},"end":{"line":26,"column":24}},"type":"default-arg","locations":[{"start":{"line":26,"column":19},"end":{"line":26,"column":24}}]},"1":{"loc":{"start":{"line":27,"column":4},"end":{"line":27,"column":23}},"type":"default-arg","locations":[{"start":{"line":27,"column":18},"end":{"line":27,"column":23}}]},"2":{"loc":{"start":{"line":28,"column":4},"end":{"line":28,"column":27}},"type":"default-arg","locations":[{"start":{"line":28,"column":22},"end":{"line":28,"column":27}}]},"3":{"loc":{"start":{"line":29,"column":4},"end":{"line":29,"column":24}},"type":"default-arg","locations":[{"start":{"line":29,"column":20},"end":{"line":29,"column":24}}]},"4":{"loc":{"start":{"line":30,"column":4},"end":{"line":30,"column":25}},"type":"default-arg","locations":[{"start":{"line":30,"column":24},"end":{"line":30,"column":25}}]},"5":{"loc":{"start":{"line":32,"column":4},"end":{"line":32,"column":30}},"type":"default-arg","locations":[{"start":{"line":32,"column":18},"end":{"line":32,"column":30}}]},"6":{"loc":{"start":{"line":33,"column":4},"end":{"line":33,"column":18}},"type":"default-arg","locations":[{"start":{"line":33,"column":13},"end":{"line":33,"column":18}}]},"7":{"loc":{"start":{"line":37,"column":4},"end":{"line":40,"column":5}},"type":"if","locations":[{"start":{"line":37,"column":4},"end":{"line":40,"column":5}},{"start":{},"end":{}}]},"8":{"loc":{"start":{"line":37,"column":8},"end":{"line":37,"column":55}},"type":"binary-expr","locations":[{"start":{"line":37,"column":8},"end":{"line":37,"column":23}},{"start":{"line":37,"column":27},"end":{"line":37,"column":40}},{"start":{"line":37,"column":44},"end":{"line":37,"column":55}}]},"9":{"loc":{"start":{"line":38,"column":50},"end":{"line":38,"column":72}},"type":"binary-expr","locations":[{"start":{"line":38,"column":50},"end":{"line":38,"column":67}},{"start":{"line":38,"column":71},"end":{"line":38,"column":72}}]},"10":{"loc":{"start":{"line":48,"column":4},"end":{"line":53,"column":5}},"type":"if","locations":[{"start":{"line":48,"column":4},"end":{"line":53,"column":5}},{"start":{},"end":{}}]},"11":{"loc":{"start":{"line":49,"column":8},"end":{"line":49,"column":41}},"type":"if","locations":[{"start":{"line":49,"column":8},"end":{"line":49,"column":41}},{"start":{},"end":{}}]},"12":{"loc":{"start":{"line":50,"column":8},"end":{"line":50,"column":41}},"type":"if","locations":[{"start":{"line":50,"column":8},"end":{"line":50,"column":41}},{"start":{},"end":{}}]},"13":{"loc":{"start":{"line":51,"column":8},"end":{"line":51,"column":80}},"type":"if","locations":[{"start":{"line":51,"column":8},"end":{"line":51,"column":80}},{"start":{},"end":{}}]},"14":{"loc":{"start":{"line":51,"column":12},"end":{"line":51,"column":66}},"type":"binary-expr","locations":[{"start":{"line":51,"column":12},"end":{"line":51,"column":37}},{"start":{"line":51,"column":41},"end":{"line":51,"column":66}}]},"15":{"loc":{"start":{"line":56,"column":4},"end":{"line":61,"column":5}},"type":"if","locations":[{"start":{"line":56,"column":4},"end":{"line":61,"column":5}},{"start":{},"end":{}}]},"16":{"loc":{"start":{"line":58,"column":8},"end":{"line":58,"column":61}},"type":"if","locations":[{"start":{"line":58,"column":8},"end":{"line":58,"column":61}},{"start":{},"end":{}}]},"17":{"loc":{"start":{"line":58,"column":12},"end":{"line":58,"column":48}},"type":"binary-expr","locations":[{"start":{"line":58,"column":12},"end":{"line":58,"column":29}},{"start":{"line":58,"column":33},"end":{"line":58,"column":48}}]},"18":{"loc":{"start":{"line":59,"column":8},"end":{"line":59,"column":41}},"type":"if","locations":[{"start":{"line":59,"column":8},"end":{"line":59,"column":41}},{"start":{},"end":{}}]},"19":{"loc":{"start":{"line":67,"column":29},"end":{"line":67,"column":50}},"type":"cond-expr","locations":[{"start":{"line":67,"column":38},"end":{"line":67,"column":45}},{"start":{"line":67,"column":48},"end":{"line":67,"column":50}}]}},"s":{"0":7,"1":7,"2":23,"3":13,"4":13,"5":10,"6":10,"7":41519,"8":20504,"9":3,"10":20501,"11":3,"12":20498,"13":63,"14":20435,"15":21015,"16":20205,"17":6,"18":20199,"19":2,"20":20197,"21":810,"22":41519,"23":41519,"24":7},"f":{"0":41519,"1":23,"2":41519},"b":{"0":[14],"1":[15],"2":[15],"3":[15],"4":[16],"5":[17],"6":[17],"7":[13,10],"8":[23,14,13],"9":[13,0],"10":[20504,21015],"11":[3,20501],"12":[3,20498],"13":[63,20435],"14":[20498,65],"15":[20205,810],"16":[6,20199],"17":[20205,20203],"18":[2,20197],"19":[5,41514]}}
,"C:\\Users\\aitzo\\1.KUATRI\\SoftwareEngineering\\Battlenet Game\\frontend\\src\\lib\\api.ts": {"path":"C:\\Users\\aitzo\\1.KUATRI\\SoftwareEngineering\\Battlenet Game\\frontend\\src\\lib\\api.ts","statementMap":{"0":{"start":{"line":4,"column":0},"end":{"line":4,"column":7}},"1":{"start":{"line":5,"column":14},"end":{"line":5,"column":54}},"2":{"start":{"line":6,"column":28},"end":{"line":13,"column":4}},"3":{"start":{"line":15,"column":14},"end":{"line":15,"column":36}},"4":{"start":{"line":16,"column":2},"end":{"line":19,"column":3}},"5":{"start":{"line":17,"column":17},"end":{"line":17,"column":33}},"6":{"start":{"line":18,"column":4},"end":{"line":18,"column":56}},"7":{"start":{"line":21,"column":15},"end":{"line":21,"column":31}},"8":{"start":{"line":22,"column":2},"end":{"line":27,"column":3}},"9":{"start":{"line":23,"column":4},"end":{"line":23,"column":60}},"10":{"start":{"line":26,"column":4},"end":{"line":26,"column":34}}},"fnMap":{"0":{"name":"apiFetch","decl":{"start":{"line":4,"column":22},"end":{"line":4,"column":30}},"loc":{"start":{"line":4,"column":72},"end":{"line":28,"column":1}}}},"branchMap":{"0":{"loc":{"start":{"line":5,"column":14},"end":{"line":5,"column":54}},"type":"cond-expr","locations":[{"start":{"line":5,"column":37},"end":{"line":5,"column":41}},{"start":{"line":5,"column":44},"end":{"line":5,"column":54}}]},"1":{"loc":{"start":{"line":10,"column":10},"end":{"line":10,"column":39}},"type":"binary-expr","locations":[{"start":{"line":10,"column":10},"end":{"line":10,"column":14}},{"start":{"line":10,"column":19},"end":{"line":10,"column":39}}]},"2":{"loc":{"start":{"line":16,"column":2},"end":{"line":19,"column":3}},"type":"if","locations":[{"start":{"line":16,"column":2},"end":{"line":19,"column":3}},{"start":{},"end":{}}]},"3":{"loc":{"start":{"line":23,"column":11},"end":{"line":23,"column":59}},"type":"cond-expr","locations":[{"start":{"line":23,"column":18},"end":{"line":23,"column":34}},{"start":{"line":23,"column":38},"end":{"line":23,"column":59}}]}},"s":{"0":7,"1":65,"2":65,"3":65,"4":63,"5":2,"6":2,"7":61,"8":61,"9":61,"10":1},"f":{"0":65},"b":{"0":[64,1],"1":[65,59],"2":[2,61],"3":[60,1]}}
,"C:\\Users\\aitzo\\1.KUATRI\\SoftwareEngineering\\Battlenet Game\\frontend\\src\\lib\\data.ts": {"path":"C:\\Users\\aitzo\\1.KUATRI\\SoftwareEngineering\\Battlenet Game\\frontend\\src\\lib\\data.ts","statementMap":{"0":{"start":{"line":29,"column":0},"end":{"line":29,"column":16}},"1":{"start":{"line":40,"column":0},"end":{"line":40,"column":16}},"2":{"start":{"line":44,"column":0},"end":{"line":44,"column":16}},"3":{"start":{"line":54,"column":0},"end":{"line":54,"column":16}},"4":{"start":{"line":58,"column":0},"end":{"line":58,"column":16}},"5":{"start":{"line":63,"column":0},"end":{"line":63,"column":16}},"6":{"start":{"line":67,"column":0},"end":{"line":67,"column":16}},"7":{"start":{"line":73,"column":0},"end":{"line":73,"column":16}},"8":{"start":{"line":79,"column":0},"end":{"line":79,"column":16}},"9":{"start":{"line":2,"column":20},"end":{"line":2,"column":28}},"10":{"start":{"line":3,"column":20},"end":{"line":3,"column":28}},"11":{"start":{"line":4,"column":18},"end":{"line":4,"column":25}},"12":{"start":{"line":5,"column":21},"end":{"line":5,"column":35}},"13":{"start":{"line":6,"column":21},"end":{"line":6,"column":35}},"14":{"start":{"line":8,"column":13},"end":{"line":8,"column":72}},"15":{"start":{"line":10,"column":13},"end":{"line":17,"column":2}},"16":{"start":{"line":20,"column":4},"end":{"line":20,"column":30}},"17":{"start":{"line":20,"column":14},"end":{"line":20,"column":30}},"18":{"start":{"line":21,"column":4},"end":{"line":26,"column":5}},"19":{"start":{"line":22,"column":23},"end":{"line":22,"column":43}},"20":{"start":{"line":23,"column":8},"end":{"line":23,"column":22}},"21":{"start":{"line":25,"column":8},"end":{"line":25,"column":24}},"22":{"start":{"line":30,"column":16},"end":{"line":30,"column":56}},"23":{"start":{"line":31,"column":19},"end":{"line":31,"column":75}},"24":{"start":{"line":33,"column":4},"end":{"line":36,"column":5}},"25":{"start":{"line":34,"column":8},"end":{"line":34,"column":41}},"26":{"start":{"line":35,"column":8},"end":{"line":35,"column":37}},"27":{"start":{"line":37,"column":4},"end":{"line":37,"column":18}},"28":{"start":{"line":41,"column":4},"end":{"line":41,"column":85}},"29":{"start":{"line":41,"column":10},"end":{"line":41,"column":74}},"30":{"start":{"line":45,"column":16},"end":{"line":45,"column":56}},"31":{"start":{"line":46,"column":19},"end":{"line":46,"column":75}},"32":{"start":{"line":47,"column":4},"end":{"line":50,"column":5}},"33":{"start":{"line":48,"column":8},"end":{"line":48,"column":41}},"34":{"start":{"line":49,"column":8},"end":{"line":49,"column":37}},"35":{"start":{"line":51,"column":4},"end":{"line":51,"column":18}},"36":{"start":{"line":55,"column":4},"end":{"line":55,"column":85}},"37":{"start":{"line":55,"column":10},"end":{"line":55,"column":74}},"38":{"start":{"line":59,"column":16},"end":{"line":59,"column":54}},"39":{"start":{"line":60,"column":4},"end":{"line":60,"column":46}},"40":{"start":{"line":64,"column":4},"end":{"line":64,"column":83}},"41":{"start":{"line":64,"column":10},"end":{"line":64,"column":72}},"42":{"start":{"line":68,"column":16},"end":{"line":68,"column":60}},"43":{"start":{"line":69,"column":16},"end":{"line":69,"column":48}},"44":{"start":{"line":70,"column":4},"end":{"line":70,"column":56}},"45":{"start":{"line":74,"column":16},"end":{"line":74,"column":60}},"46":{"start":{"line":75,"column":4},"end":{"line":75,"column":75}},"47":{"start":{"line":75,"column":10},"end":{"line":75,"column":64}},"48":{"start":{"line":80,"column":4},"end":{"line":86,"column":14}},"49":{"start":{"line":81,"column":8},"end":{"line":81,"column":80}},"50":{"start":{"line":82,"column":8},"end":{"line":82,"column":80}},"51":{"start":{"line":83,"column":8},"end":{"line":83,"column":78}},"52":{"start":{"line":84,"column":8},"end":{"line":84,"column":70}},"53":{"start":{"line":85,"column":8},"end":{"line":85,"column":70}},"54":{"start":{"line":88,"column":4},"end":{"line":94,"column":6}}},"fnMap":{"0":{"name":"safeParse","decl":{"start":{"line":19,"column":9},"end":{"line":19,"column":18}},"loc":{"start":{"line":19,"column":53},"end":{"line":27,"column":1}}},"1":{"name":"getBoardA","decl":{"start":{"line":29,"column":16},"end":{"line":29,"column":25}},"loc":{"start":{"line":29,"column":25},"end":{"line":38,"column":1}}},"2":{"name":"setBoardA","decl":{"start":{"line":40,"column":16},"end":{"line":40,"column":25}},"loc":{"start":{"line":40,"column":50},"end":{"line":42,"column":1}}},"3":{"name":"getBoardB","decl":{"start":{"line":44,"column":16},"end":{"line":44,"column":25}},"loc":{"start":{"line":44,"column":25},"end":{"line":52,"column":1}}},"4":{"name":"setBoardB","decl":{"start":{"line":54,"column":16},"end":{"line":54,"column":25}},"loc":{"start":{"line":54,"column":50},"end":{"line":56,"column":1}}},"5":{"name":"getScene","decl":{"start":{"line":58,"column":16},"end":{"line":58,"column":24}},"loc":{"start":{"line":58,"column":24},"end":{"line":61,"column":1}}},"6":{"name":"setScene","decl":{"start":{"line":63,"column":16},"end":{"line":63,"column":24}},"loc":{"start":{"line":63,"column":35},"end":{"line":65,"column":1}}},"7":{"name":"getPlacedShips","decl":{"start":{"line":67,"column":16},"end":{"line":67,"column":30}},"loc":{"start":{"line":67,"column":48},"end":{"line":71,"column":1}}},"8":{"name":"setPlacedShips","decl":{"start":{"line":73,"column":16},"end":{"line":73,"column":30}},"loc":{"start":{"line":73,"column":79},"end":{"line":76,"column":1}}},"9":{"name":"resetAll","decl":{"start":{"line":79,"column":16},"end":{"line":79,"column":24}},"loc":{"start":{"line":79,"column":24},"end":{"line":95,"column":1}}}},"branchMap":{"0":{"loc":{"start":{"line":20,"column":4},"end":{"line":20,"column":30}},"type":"if","locations":[{"start":{"line":20,"column":4},"end":{"line":20,"column":30}},{"start":{},"end":{}}]},"1":{"loc":{"start":{"line":33,"column":4},"end":{"line":36,"column":5}},"type":"if","locations":[{"start":{"line":33,"column":4},"end":{"line":36,"column":5}},{"start":{},"end":{}}]},"2":{"loc":{"start":{"line":33,"column":8},"end":{"line":33,"column":55}},"type":"binary-expr","locations":[{"start":{"line":33,"column":8},"end":{"line":33,"column":30}},{"start":{"line":33,"column":34},"end":{"line":33,"column":55}}]},"3":{"loc":{"start":{"line":47,"column":4},"end":{"line":50,"column":5}},"type":"if","locations":[{"start":{"line":47,"column":4},"end":{"line":50,"column":5}},{"start":{},"end":{}}]},"4":{"loc":{"start":{"line":47,"column":8},"end":{"line":47,"column":55}},"type":"binary-expr","locations":[{"start":{"line":47,"column":8},"end":{"line":47,"column":30}},{"start":{"line":47,"column":34},"end":{"line":47,"column":55}}]},"5":{"loc":{"start":{"line":68,"column":16},"end":{"line":68,"column":60}},"type":"cond-expr","locations":[{"start":{"line":68,"column":33},"end":{"line":68,"column":45}},{"start":{"line":68,"column":48},"end":{"line":68,"column":60}}]},"6":{"loc":{"start":{"line":74,"column":16},"end":{"line":74,"column":60}},"type":"cond-expr","locations":[{"start":{"line":74,"column":33},"end":{"line":74,"column":45}},{"start":{"line":74,"column":48},"end":{"line":74,"column":60}}]}},"s":{"0":6,"1":6,"2":6,"3":6,"4":6,"5":6,"6":6,"7":6,"8":6,"9":6,"10":6,"11":6,"12":6,"13":6,"14":6,"15":6,"16":235,"17":212,"18":23,"19":23,"20":19,"21":4,"22":48,"23":48,"24":48,"25":2,"26":2,"27":46,"28":11,"29":11,"30":47,"31":47,"32":47,"33":0,"34":0,"35":47,"36":7,"37":7,"38":47,"39":47,"40":7,"41":7,"42":93,"43":93,"44":93,"45":12,"46":12,"47":12,"48":5,"49":5,"50":4,"51":4,"52":4,"53":4,"54":5},"f":{"0":235,"1":48,"2":11,"3":47,"4":7,"5":47,"6":7,"7":93,"8":12,"9":5},"b":{"0":[212,23],"1":[2,46],"2":[48,48],"3":[0,47],"4":[47,47],"5":[47,46],"6":[9,3]}}
,"C:\\Users\\aitzo\\1.KUATRI\\SoftwareEngineering\\Battlenet Game\\frontend\\src\\pages\\ConnectivityTest.tsx": {"path":"C:\\Users\\aitzo\\1.KUATRI\\SoftwareEngineering\\Battlenet Game\\frontend\\src\\pages\\ConnectivityTest.tsx","statementMap":{"0":{"start":{"line":1,"column":0},"end":{"line":1,"column":33}},"1":{"start":{"line":4,"column":28},"end":{"line":4,"column":66}},"2":{"start":{"line":7,"column":8},"end":{"line":16,"column":11}},"3":{"start":{"line":8,"column":21},"end":{"line":8,"column":31}},"4":{"start":{"line":10,"column":12},"end":{"line":10,"column":54}},"5":{"start":{"line":11,"column":12},"end":{"line":11,"column":52}},"6":{"start":{"line":14,"column":12},"end":{"line":14,"column":63}},"7":{"start":{"line":15,"column":12},"end":{"line":15,"column":51}},"8":{"start":{"line":20,"column":4},"end":{"line":26,"column":null}},"9":{"start":{"line":29,"column":0},"end":{"line":29,"column":null}}},"fnMap":{"0":{"name":"Test","decl":{"start":{"line":3,"column":9},"end":{"line":3,"column":13}},"loc":{"start":{"line":3,"column":13},"end":{"line":27,"column":1}}},"1":{"name":"check","decl":{"start":{"line":6,"column":13},"end":{"line":6,"column":18}},"loc":{"start":{"line":6,"column":18},"end":{"line":17,"column":5}}},"2":{"name":"(anonymous_2)","decl":{"start":{"line":8,"column":14},"end":{"line":8,"column":17}},"loc":{"start":{"line":8,"column":21},"end":{"line":8,"column":31}}},"3":{"name":"(anonymous_3)","decl":{"start":{"line":9,"column":14},"end":{"line":9,"column":21}},"loc":{"start":{"line":9,"column":24},"end":{"line":12,"column":9}}},"4":{"name":"(anonymous_4)","decl":{"start":{"line":13,"column":15},"end":{"line":13,"column":18}},"loc":{"start":{"line":13,"column":21},"end":{"line":16,"column":9}}}},"branchMap":{},"s":{"0":2,"1":7,"2":2,"3":1,"4":1,"5":1,"6":1,"7":1,"8":7,"9":2},"f":{"0":7,"1":2,"2":1,"3":1,"4":1},"b":{}}
,"C:\\Users\\aitzo\\1.KUATRI\\SoftwareEngineering\\Battlenet Game\\frontend\\src\\pages\\Game\\Game.tsx": {"path":"C:\\Users\\aitzo\\1.KUATRI\\SoftwareEngineering\\Battlenet Game\\frontend\\src\\pages\\Game\\Game.tsx","statementMap":{"0":{"start":{"line":53,"column":0},"end":{"line":53,"column":24}},"1":{"start":{"line":1,"column":0},"end":{"line":1,"column":61}},"2":{"start":{"line":2,"column":0},"end":{"line":2,"column":43}},"3":{"start":{"line":3,"column":0},"end":{"line":3,"column":20}},"4":{"start":{"line":4,"column":0},"end":{"line":4,"column":null}},"5":{"start":{"line":17,"column":0},"end":{"line":17,"column":41}},"6":{"start":{"line":18,"column":0},"end":{"line":18,"column":280}},"7":{"start":{"line":55,"column":37},"end":{"line":55,"column":83}},"8":{"start":{"line":55,"column":71},"end":{"line":55,"column":82}},"9":{"start":{"line":57,"column":37},"end":{"line":57,"column":83}},"10":{"start":{"line":57,"column":71},"end":{"line":57,"column":82}},"11":{"start":{"line":59,"column":28},"end":{"line":59,"column":50}},"12":{"start":{"line":60,"column":32},"end":{"line":60,"column":61}},"13":{"start":{"line":61,"column":40},"end":{"line":61,"column":77}},"14":{"start":{"line":62,"column":40},"end":{"line":62,"column":77}},"15":{"start":{"line":63,"column":32},"end":{"line":63,"column":61}},"16":{"start":{"line":66,"column":25},"end":{"line":72,"column":6}},"17":{"start":{"line":75,"column":44},"end":{"line":75,"column":105}},"18":{"start":{"line":75,"column":85},"end":{"line":75,"column":104}},"19":{"start":{"line":76,"column":44},"end":{"line":76,"column":105}},"20":{"start":{"line":76,"column":85},"end":{"line":76,"column":104}},"21":{"start":{"line":77,"column":44},"end":{"line":77,"column":109}},"22":{"start":{"line":78,"column":46},"end":{"line":78,"column":68}},"23":{"start":{"line":79,"column":42},"end":{"line":79,"column":91}},"24":{"start":{"line":80,"column":32},"end":{"line":80,"column":47}},"25":{"start":{"line":81,"column":32},"end":{"line":81,"column":47}},"26":{"start":{"line":82,"column":42},"end":{"line":82,"column":57}},"27":{"start":{"line":83,"column":54},"end":{"line":83,"column":83}},"28":{"start":{"line":87,"column":8},"end":{"line":90,"column":9}},"29":{"start":{"line":88,"column":12},"end":{"line":88,"column":68}},"30":{"start":{"line":89,"column":12},"end":{"line":89,"column":19}},"31":{"start":{"line":93,"column":8},"end":{"line":93,"column":36}},"32":{"start":{"line":93,"column":29},"end":{"line":93,"column":36}},"33":{"start":{"line":95,"column":8},"end":{"line":188,"column":9}},"34":{"start":{"line":97,"column":29},"end":{"line":97,"column":55}},"35":{"start":{"line":98,"column":32},"end":{"line":98,"column":74}},"36":{"start":{"line":100,"column":28},"end":{"line":100,"column":46}},"37":{"start":{"line":102,"column":12},"end":{"line":105,"column":13}},"38":{"start":{"line":103,"column":16},"end":{"line":103,"column":67}},"39":{"start":{"line":104,"column":16},"end":{"line":104,"column":23}},"40":{"start":{"line":108,"column":24},"end":{"line":108,"column":46}},"41":{"start":{"line":109,"column":24},"end":{"line":109,"column":34}},"42":{"start":{"line":111,"column":12},"end":{"line":187,"column":13}},"43":{"start":{"line":112,"column":16},"end":{"line":151,"column":19}},"44":{"start":{"line":117,"column":43},"end":{"line":117,"column":87}},"45":{"start":{"line":118,"column":35},"end":{"line":118,"column":107}},"46":{"start":{"line":121,"column":20},"end":{"line":121,"column":97}},"47":{"start":{"line":121,"column":50},"end":{"line":121,"column":97}},"48":{"start":{"line":123,"column":20},"end":{"line":138,"column":21}},"49":{"start":{"line":124,"column":24},"end":{"line":124,"column":60}},"50":{"start":{"line":125,"column":24},"end":{"line":125,"column":55}},"51":{"start":{"line":126,"column":24},"end":{"line":130,"column":25}},"52":{"start":{"line":127,"column":28},"end":{"line":127,"column":81}},"53":{"start":{"line":127,"column":51},"end":{"line":127,"column":78}},"54":{"start":{"line":129,"column":28},"end":{"line":129,"column":76}},"55":{"start":{"line":132,"column":24},"end":{"line":132,"column":60}},"56":{"start":{"line":133,"column":24},"end":{"line":133,"column":55}},"57":{"start":{"line":134,"column":24},"end":{"line":137,"column":25}},"58":{"start":{"line":135,"column":28},"end":{"line":135,"column":81}},"59":{"start":{"line":135,"column":51},"end":{"line":135,"column":78}},"60":{"start":{"line":136,"column":28},"end":{"line":136,"column":76}},"61":{"start":{"line":140,"column":20},"end":{"line":144,"column":21}},"62":{"start":{"line":141,"column":24},"end":{"line":141,"column":49}},"63":{"start":{"line":142,"column":24},"end":{"line":142,"column":46}},"64":{"start":{"line":143,"column":24},"end":{"line":143,"column":115}},"65":{"start":{"line":146,"column":20},"end":{"line":146,"column":66}},"66":{"start":{"line":146,"column":41},"end":{"line":146,"column":66}},"67":{"start":{"line":149,"column":20},"end":{"line":149,"column":57}},"68":{"start":{"line":150,"column":20},"end":{"line":150,"column":68}},"69":{"start":{"line":154,"column":16},"end":{"line":160,"column":17}},"70":{"start":{"line":155,"column":20},"end":{"line":155,"column":47}},"71":{"start":{"line":156,"column":20},"end":{"line":156,"column":89}},"72":{"start":{"line":158,"column":20},"end":{"line":158,"column":48}},"73":{"start":{"line":159,"column":20},"end":{"line":159,"column":80}},"74":{"start":{"line":162,"column":20},"end":{"line":184,"column":21}},"75":{"start":{"line":163,"column":24},"end":{"line":163,"column":52}},"76":{"start":{"line":164,"column":24},"end":{"line":164,"column":47}},"77":{"start":{"line":165,"column":24},"end":{"line":165,"column":60}},"78":{"start":{"line":167,"column":44},"end":{"line":167,"column":92}},"79":{"start":{"line":168,"column":24},"end":{"line":172,"column":25}},"80":{"start":{"line":169,"column":28},"end":{"line":169,"column":51}},"81":{"start":{"line":170,"column":28},"end":{"line":170,"column":50}},"82":{"start":{"line":171,"column":28},"end":{"line":171,"column":87}},"83":{"start":{"line":174,"column":24},"end":{"line":174,"column":52}},"84":{"start":{"line":175,"column":24},"end":{"line":175,"column":47}},"85":{"start":{"line":176,"column":24},"end":{"line":176,"column":60}},"86":{"start":{"line":178,"column":44},"end":{"line":178,"column":92}},"87":{"start":{"line":179,"column":24},"end":{"line":183,"column":25}},"88":{"start":{"line":180,"column":28},"end":{"line":180,"column":51}},"89":{"start":{"line":181,"column":28},"end":{"line":181,"column":50}},"90":{"start":{"line":182,"column":28},"end":{"line":182,"column":87}},"91":{"start":{"line":186,"column":20},"end":{"line":186,"column":62}},"92":{"start":{"line":186,"column":36},"end":{"line":186,"column":60}},"93":{"start":{"line":193,"column":23},"end":{"line":193,"column":67}},"94":{"start":{"line":194,"column":21},"end":{"line":194,"column":61}},"95":{"start":{"line":196,"column":26},"end":{"line":196,"column":60}},"96":{"start":{"line":197,"column":8},"end":{"line":205,"column":9}},"97":{"start":{"line":198,"column":12},"end":{"line":198,"column":39}},"98":{"start":{"line":198,"column":30},"end":{"line":198,"column":39}},"99":{"start":{"line":199,"column":12},"end":{"line":203,"column":13}},"100":{"start":{"line":200,"column":16},"end":{"line":200,"column":69}},"101":{"start":{"line":200,"column":39},"end":{"line":200,"column":66}},"102":{"start":{"line":202,"column":16},"end":{"line":202,"column":69}},"103":{"start":{"line":202,"column":39},"end":{"line":202,"column":66}},"104":{"start":{"line":204,"column":12},"end":{"line":204,"column":68}},"105":{"start":{"line":210,"column":20},"end":{"line":210,"column":30}},"106":{"start":{"line":212,"column":27},"end":{"line":212,"column":49}},"107":{"start":{"line":213,"column":8},"end":{"line":213,"column":42}},"108":{"start":{"line":214,"column":8},"end":{"line":214,"column":42}},"109":{"start":{"line":215,"column":8},"end":{"line":215,"column":50}},"110":{"start":{"line":216,"column":8},"end":{"line":216,"column":50}},"111":{"start":{"line":217,"column":8},"end":{"line":217,"column":30}},"112":{"start":{"line":218,"column":8},"end":{"line":218,"column":30}},"113":{"start":{"line":219,"column":8},"end":{"line":219,"column":37}},"114":{"start":{"line":220,"column":8},"end":{"line":220,"column":25}},"115":{"start":{"line":221,"column":8},"end":{"line":221,"column":25}},"116":{"start":{"line":222,"column":8},"end":{"line":222,"column":30}},"117":{"start":{"line":223,"column":8},"end":{"line":223,"column":21}},"118":{"start":{"line":224,"column":8},"end":{"line":227,"column":18}},"119":{"start":{"line":225,"column":12},"end":{"line":225,"column":48}},"120":{"start":{"line":226,"column":12},"end":{"line":226,"column":71}},"121":{"start":{"line":226,"column":18},"end":{"line":226,"column":60}},"122":{"start":{"line":230,"column":8},"end":{"line":230,"column":24}},"123":{"start":{"line":231,"column":8},"end":{"line":231,"column":26}},"124":{"start":{"line":232,"column":8},"end":{"line":232,"column":26}},"125":{"start":{"line":234,"column":8},"end":{"line":234,"column":86}},"126":{"start":{"line":236,"column":8},"end":{"line":236,"column":38}},"127":{"start":{"line":236,"column":14},"end":{"line":236,"column":27}},"128":{"start":{"line":241,"column":8},"end":{"line":244,"column":9}},"129":{"start":{"line":242,"column":12},"end":{"line":242,"column":34}},"130":{"start":{"line":243,"column":12},"end":{"line":243,"column":19}},"131":{"start":{"line":246,"column":24},"end":{"line":246,"column":91}},"132":{"start":{"line":247,"column":8},"end":{"line":250,"column":9}},"133":{"start":{"line":248,"column":12},"end":{"line":248,"column":82}},"134":{"start":{"line":249,"column":12},"end":{"line":249,"column":19}},"135":{"start":{"line":251,"column":8},"end":{"line":251,"column":54}},"136":{"start":{"line":255,"column":8},"end":{"line":258,"column":11}},"137":{"start":{"line":256,"column":27},"end":{"line":256,"column":71}},"138":{"start":{"line":257,"column":12},"end":{"line":257,"column":34}},"139":{"start":{"line":262,"column":8},"end":{"line":265,"column":9}},"140":{"start":{"line":263,"column":12},"end":{"line":263,"column":61}},"141":{"start":{"line":264,"column":12},"end":{"line":264,"column":19}},"142":{"start":{"line":266,"column":8},"end":{"line":267,"column":29}},"143":{"start":{"line":266,"column":28},"end":{"line":266,"column":44}},"144":{"start":{"line":267,"column":13},"end":{"line":267,"column":29}},"145":{"start":{"line":270,"column":8},"end":{"line":296,"column":9}},"146":{"start":{"line":272,"column":26},"end":{"line":294,"column":13}},"147":{"start":{"line":273,"column":16},"end":{"line":293,"column":17}},"148":{"start":{"line":274,"column":20},"end":{"line":280,"column":21}},"149":{"start":{"line":275,"column":24},"end":{"line":275,"column":43}},"150":{"start":{"line":276,"column":24},"end":{"line":279,"column":25}},"151":{"start":{"line":277,"column":28},"end":{"line":277,"column":84}},"152":{"start":{"line":278,"column":28},"end":{"line":278,"column":35}},"153":{"start":{"line":281,"column":38},"end":{"line":281,"column":101}},"154":{"start":{"line":282,"column":37},"end":{"line":282,"column":65}},"155":{"start":{"line":283,"column":20},"end":{"line":289,"column":21}},"156":{"start":{"line":284,"column":24},"end":{"line":284,"column":45}},"157":{"start":{"line":285,"column":24},"end":{"line":285,"column":37}},"158":{"start":{"line":286,"column":24},"end":{"line":286,"column":90}},"159":{"start":{"line":288,"column":24},"end":{"line":288,"column":89}},"160":{"start":{"line":291,"column":20},"end":{"line":291,"column":57}},"161":{"start":{"line":292,"column":20},"end":{"line":292,"column":74}},"162":{"start":{"line":295,"column":12},"end":{"line":295,"column":20}},"163":{"start":{"line":301,"column":8},"end":{"line":301,"column":45}},"164":{"start":{"line":301,"column":38},"end":{"line":301,"column":45}},"165":{"start":{"line":302,"column":8},"end":{"line":305,"column":9}},"166":{"start":{"line":303,"column":12},"end":{"line":303,"column":57}},"167":{"start":{"line":304,"column":12},"end":{"line":304,"column":19}},"168":{"start":{"line":307,"column":28},"end":{"line":307,"column":60}},"169":{"start":{"line":308,"column":26},"end":{"line":308,"column":88}},"170":{"start":{"line":309,"column":8},"end":{"line":312,"column":9}},"171":{"start":{"line":310,"column":12},"end":{"line":310,"column":43}},"172":{"start":{"line":311,"column":12},"end":{"line":311,"column":19}},"173":{"start":{"line":313,"column":26},"end":{"line":313,"column":45}},"174":{"start":{"line":315,"column":21},"end":{"line":315,"column":37}},"175":{"start":{"line":316,"column":8},"end":{"line":316,"column":62}},"176":{"start":{"line":316,"column":35},"end":{"line":316,"column":62}},"177":{"start":{"line":319,"column":8},"end":{"line":381,"column":9}},"178":{"start":{"line":320,"column":24},"end":{"line":320,"column":46}},"179":{"start":{"line":321,"column":24},"end":{"line":321,"column":34}},"180":{"start":{"line":322,"column":12},"end":{"line":365,"column":15}},"181":{"start":{"line":334,"column":36},"end":{"line":334,"column":101}},"182":{"start":{"line":336,"column":16},"end":{"line":339,"column":17}},"183":{"start":{"line":337,"column":20},"end":{"line":337,"column":84}},"184":{"start":{"line":338,"column":20},"end":{"line":338,"column":27}},"185":{"start":{"line":342,"column":16},"end":{"line":358,"column":17}},"186":{"start":{"line":343,"column":20},"end":{"line":343,"column":41}},"187":{"start":{"line":344,"column":20},"end":{"line":344,"column":36}},"188":{"start":{"line":345,"column":20},"end":{"line":349,"column":23}},"189":{"start":{"line":346,"column":42},"end":{"line":346,"column":74}},"190":{"start":{"line":347,"column":24},"end":{"line":347,"column":72}},"191":{"start":{"line":347,"column":30},"end":{"line":347,"column":61}},"192":{"start":{"line":348,"column":24},"end":{"line":348,"column":41}},"193":{"start":{"line":351,"column":20},"end":{"line":351,"column":41}},"194":{"start":{"line":352,"column":20},"end":{"line":352,"column":36}},"195":{"start":{"line":353,"column":20},"end":{"line":357,"column":23}},"196":{"start":{"line":354,"column":42},"end":{"line":354,"column":74}},"197":{"start":{"line":355,"column":24},"end":{"line":355,"column":72}},"198":{"start":{"line":355,"column":30},"end":{"line":355,"column":61}},"199":{"start":{"line":356,"column":24},"end":{"line":356,"column":41}},"200":{"start":{"line":359,"column":16},"end":{"line":359,"column":38}},"201":{"start":{"line":360,"column":16},"end":{"line":360,"column":108}},"202":{"start":{"line":363,"column":16},"end":{"line":363,"column":55}},"203":{"start":{"line":364,"column":16},"end":{"line":364,"column":64}},"204":{"start":{"line":368,"column":32},"end":{"line":368,"column":84}},"205":{"start":{"line":369,"column":12},"end":{"line":377,"column":13}},"206":{"start":{"line":370,"column":16},"end":{"line":370,"column":50}},"207":{"start":{"line":371,"column":16},"end":{"line":371,"column":45}},"208":{"start":{"line":372,"column":16},"end":{"line":372,"column":78}},"209":{"start":{"line":372,"column":41},"end":{"line":372,"column":75}},"210":{"start":{"line":374,"column":16},"end":{"line":374,"column":50}},"211":{"start":{"line":375,"column":16},"end":{"line":375,"column":45}},"212":{"start":{"line":376,"column":16},"end":{"line":376,"column":78}},"213":{"start":{"line":376,"column":41},"end":{"line":376,"column":75}},"214":{"start":{"line":379,"column":12},"end":{"line":379,"column":34}},"215":{"start":{"line":380,"column":12},"end":{"line":380,"column":79}},"216":{"start":{"line":387,"column":30},"end":{"line":395,"column":6}},"217":{"start":{"line":388,"column":8},"end":{"line":394,"column":9}},"218":{"start":{"line":389,"column":27},"end":{"line":389,"column":43}},"219":{"start":{"line":390,"column":12},"end":{"line":390,"column":73}},"220":{"start":{"line":392,"column":12},"end":{"line":392,"column":60}},"221":{"start":{"line":393,"column":12},"end":{"line":393,"column":42}},"222":{"start":{"line":397,"column":4},"end":{"line":404,"column":11}},"223":{"start":{"line":402,"column":8},"end":{"line":402,"column":21}},"224":{"start":{"line":408,"column":8},"end":{"line":420,"column":9}},"225":{"start":{"line":409,"column":30},"end":{"line":409,"column":84}},"226":{"start":{"line":410,"column":27},"end":{"line":410,"column":56}},"227":{"start":{"line":411,"column":12},"end":{"line":416,"column":13}},"228":{"start":{"line":412,"column":16},"end":{"line":412,"column":37}},"229":{"start":{"line":413,"column":16},"end":{"line":413,"column":66}},"230":{"start":{"line":415,"column":16},"end":{"line":415,"column":90}},"231":{"start":{"line":418,"column":12},"end":{"line":418,"column":49}},"232":{"start":{"line":419,"column":12},"end":{"line":419,"column":66}},"233":{"start":{"line":429,"column":8},"end":{"line":429,"column":80}},"234":{"start":{"line":439,"column":8},"end":{"line":443,"column":11}},"235":{"start":{"line":440,"column":25},"end":{"line":440,"column":100}},"236":{"start":{"line":441,"column":12},"end":{"line":441,"column":88}},"237":{"start":{"line":441,"column":18},"end":{"line":441,"column":77}},"238":{"start":{"line":442,"column":12},"end":{"line":442,"column":24}},"239":{"start":{"line":447,"column":4},"end":{"line":590,"column":6}},"240":{"start":{"line":462,"column":140},"end":{"line":462,"column":154}},"241":{"start":{"line":462,"column":155},"end":{"line":462,"column":171}},"242":{"start":{"line":463,"column":122},"end":{"line":463,"column":137}},"243":{"start":{"line":480,"column":133},"end":{"line":480,"column":154}},"244":{"start":{"line":481,"column":138},"end":{"line":481,"column":159}},"245":{"start":{"line":487,"column":47},"end":{"line":487,"column":75}},"246":{"start":{"line":493,"column":47},"end":{"line":493,"column":73}},"247":{"start":{"line":501,"column":47},"end":{"line":501,"column":75}},"248":{"start":{"line":511,"column":45},"end":{"line":511,"column":108}},"249":{"start":{"line":512,"column":28},"end":{"line":528,"column":30}},"250":{"start":{"line":521,"column":63},"end":{"line":521,"column":104}}},"fnMap":{"0":{"name":"Game","decl":{"start":{"line":53,"column":24},"end":{"line":53,"column":28}},"loc":{"start":{"line":53,"column":28},"end":{"line":591,"column":1}}},"1":{"name":"(anonymous_11)","decl":{"start":{"line":55,"column":65},"end":{"line":55,"column":68}},"loc":{"start":{"line":55,"column":71},"end":{"line":55,"column":82}}},"2":{"name":"(anonymous_12)","decl":{"start":{"line":57,"column":65},"end":{"line":57,"column":68}},"loc":{"start":{"line":57,"column":71},"end":{"line":57,"column":82}}},"3":{"name":"(anonymous_13)","decl":{"start":{"line":75,"column":79},"end":{"line":75,"column":82}},"loc":{"start":{"line":75,"column":85},"end":{"line":75,"column":104}}},"4":{"name":"(anonymous_14)","decl":{"start":{"line":76,"column":79},"end":{"line":76,"column":82}},"loc":{"start":{"line":76,"column":85},"end":{"line":76,"column":104}}},"5":{"name":"updateBoard","decl":{"start":{"line":85,"column":13},"end":{"line":85,"column":24}},"loc":{"start":{"line":85,"column":71},"end":{"line":189,"column":5}}},"6":{"name":"(anonymous_16)","decl":{"start":{"line":116,"column":22},"end":{"line":116,"column":23}},"loc":{"start":{"line":116,"column":36},"end":{"line":147,"column":17}}},"7":{"name":"(anonymous_17)","decl":{"start":{"line":127,"column":42},"end":{"line":127,"column":46}},"loc":{"start":{"line":127,"column":51},"end":{"line":127,"column":78}}},"8":{"name":"(anonymous_18)","decl":{"start":{"line":135,"column":42},"end":{"line":135,"column":46}},"loc":{"start":{"line":135,"column":51},"end":{"line":135,"column":78}}},"9":{"name":"(anonymous_19)","decl":{"start":{"line":148,"column":23},"end":{"line":148,"column":26}},"loc":{"start":{"line":148,"column":29},"end":{"line":151,"column":17}}},"10":{"name":"(anonymous_20)","decl":{"start":{"line":186,"column":28},"end":{"line":186,"column":32}},"loc":{"start":{"line":186,"column":36},"end":{"line":186,"column":60}}},"11":{"name":"detectAndMarkSunk","decl":{"start":{"line":191,"column":13},"end":{"line":191,"column":30}},"loc":{"start":{"line":191,"column":75},"end":{"line":206,"column":5}}},"12":{"name":"(anonymous_22)","decl":{"start":{"line":200,"column":30},"end":{"line":200,"column":34}},"loc":{"start":{"line":200,"column":39},"end":{"line":200,"column":66}}},"13":{"name":"(anonymous_23)","decl":{"start":{"line":202,"column":30},"end":{"line":202,"column":34}},"loc":{"start":{"line":202,"column":39},"end":{"line":202,"column":66}}},"14":{"name":"resetBoards","decl":{"start":{"line":208,"column":13},"end":{"line":208,"column":24}},"loc":{"start":{"line":208,"column":24},"end":{"line":237,"column":5}}},"15":{"name":"selectShipToPlace","decl":{"start":{"line":239,"column":13},"end":{"line":239,"column":30}},"loc":{"start":{"line":239,"column":75},"end":{"line":252,"column":5}}},"16":{"name":"allPlacedForPlayer","decl":{"start":{"line":254,"column":13},"end":{"line":254,"column":31}},"loc":{"start":{"line":254,"column":47},"end":{"line":259,"column":5}}},"17":{"name":"(anonymous_27)","decl":{"start":{"line":255,"column":34},"end":{"line":255,"column":35}},"loc":{"start":{"line":255,"column":38},"end":{"line":258,"column":9}}},"18":{"name":"finishPlacing","decl":{"start":{"line":261,"column":13},"end":{"line":261,"column":26}},"loc":{"start":{"line":261,"column":42},"end":{"line":297,"column":5}}},"19":{"name":"(anonymous_29)","decl":{"start":{"line":272,"column":26},"end":{"line":272,"column":31}},"loc":{"start":{"line":272,"column":37},"end":{"line":294,"column":13}}},"20":{"name":"placeShip","decl":{"start":{"line":299,"column":13},"end":{"line":299,"column":22}},"loc":{"start":{"line":299,"column":144},"end":{"line":382,"column":5}}},"21":{"name":"(anonymous_31)","decl":{"start":{"line":332,"column":18},"end":{"line":332,"column":19}},"loc":{"start":{"line":332,"column":32},"end":{"line":361,"column":13}}},"22":{"name":"(anonymous_32)","decl":{"start":{"line":345,"column":36},"end":{"line":345,"column":40}},"loc":{"start":{"line":345,"column":43},"end":{"line":349,"column":21}}},"23":{"name":"(anonymous_33)","decl":{"start":{"line":353,"column":36},"end":{"line":353,"column":40}},"loc":{"start":{"line":353,"column":43},"end":{"line":357,"column":21}}},"24":{"name":"(anonymous_34)","decl":{"start":{"line":362,"column":19},"end":{"line":362,"column":22}},"loc":{"start":{"line":362,"column":25},"end":{"line":365,"column":13}}},"25":{"name":"(anonymous_35)","decl":{"start":{"line":372,"column":32},"end":{"line":372,"column":36}},"loc":{"start":{"line":372,"column":41},"end":{"line":372,"column":75}}},"26":{"name":"(anonymous_36)","decl":{"start":{"line":376,"column":32},"end":{"line":376,"column":36}},"loc":{"start":{"line":376,"column":41},"end":{"line":376,"column":75}}},"27":{"name":"(anonymous_37)","decl":{"start":{"line":387,"column":46},"end":{"line":387,"column":49}},"loc":{"start":{"line":387,"column":51},"end":{"line":395,"column":5}}},"28":{"name":"(anonymous_38)","decl":{"start":{"line":397,"column":14},"end":{"line":397,"column":17}},"loc":{"start":{"line":397,"column":19},"end":{"line":404,"column":5}}},"29":{"name":"createGame","decl":{"start":{"line":407,"column":19},"end":{"line":407,"column":29}},"loc":{"start":{"line":407,"column":29},"end":{"line":421,"column":5}}},"30":{"name":"getCell","decl":{"start":{"line":424,"column":13},"end":{"line":424,"column":20}},"loc":{"start":{"line":427,"column":21},"end":{"line":430,"column":5}}},"31":{"name":"setCell","decl":{"start":{"line":433,"column":13},"end":{"line":433,"column":20}},"loc":{"start":{"line":437,"column":19},"end":{"line":444,"column":5}}},"32":{"name":"(anonymous_42)","decl":{"start":{"line":439,"column":17},"end":{"line":439,"column":21}},"loc":{"start":{"line":439,"column":24},"end":{"line":443,"column":9}}},"33":{"name":"(anonymous_43)","decl":{"start":{"line":462,"column":132},"end":{"line":462,"column":135}},"loc":{"start":{"line":462,"column":137},"end":{"line":462,"column":173}}},"34":{"name":"(anonymous_44)","decl":{"start":{"line":463,"column":116},"end":{"line":463,"column":119}},"loc":{"start":{"line":463,"column":122},"end":{"line":463,"column":137}}},"35":{"name":"(anonymous_45)","decl":{"start":{"line":480,"column":127},"end":{"line":480,"column":130}},"loc":{"start":{"line":480,"column":133},"end":{"line":480,"column":154}}},"36":{"name":"(anonymous_46)","decl":{"start":{"line":481,"column":132},"end":{"line":481,"column":135}},"loc":{"start":{"line":481,"column":138},"end":{"line":481,"column":159}}},"37":{"name":"(anonymous_47)","decl":{"start":{"line":487,"column":41},"end":{"line":487,"column":44}},"loc":{"start":{"line":487,"column":47},"end":{"line":487,"column":75}}},"38":{"name":"(anonymous_48)","decl":{"start":{"line":493,"column":41},"end":{"line":493,"column":44}},"loc":{"start":{"line":493,"column":47},"end":{"line":493,"column":73}}},"39":{"name":"(anonymous_49)","decl":{"start":{"line":501,"column":41},"end":{"line":501,"column":44}},"loc":{"start":{"line":501,"column":47},"end":{"line":501,"column":75}}},"40":{"name":"(anonymous_50)","decl":{"start":{"line":510,"column":42},"end":{"line":510,"column":43}},"loc":{"start":{"line":510,"column":46},"end":{"line":529,"column":25}}},"41":{"name":"(anonymous_51)","decl":{"start":{"line":521,"column":57},"end":{"line":521,"column":60}},"loc":{"start":{"line":521,"column":63},"end":{"line":521,"column":104}}}},"branchMap":{"0":{"loc":{"start":{"line":87,"column":8},"end":{"line":90,"column":9}},"type":"if","locations":[{"start":{"line":87,"column":8},"end":{"line":90,"column":9}},{"start":{},"end":{}}]},"1":{"loc":{"start":{"line":87,"column":12},"end":{"line":87,"column":47}},"type":"binary-expr","locations":[{"start":{"line":87,"column":12},"end":{"line":87,"column":31}},{"start":{"line":87,"column":35},"end":{"line":87,"column":47}}]},"2":{"loc":{"start":{"line":93,"column":8},"end":{"line":93,"column":36}},"type":"if","locations":[{"start":{"line":93,"column":8},"end":{"line":93,"column":36}},{"start":{},"end":{}}]},"3":{"loc":{"start":{"line":95,"column":8},"end":{"line":188,"column":9}},"type":"if","locations":[{"start":{"line":95,"column":8},"end":{"line":188,"column":9}},{"start":{},"end":{}}]},"4":{"loc":{"start":{"line":97,"column":29},"end":{"line":97,"column":55}},"type":"cond-expr","locations":[{"start":{"line":97,"column":46},"end":{"line":97,"column":49}},{"start":{"line":97,"column":52},"end":{"line":97,"column":55}}]},"5":{"loc":{"start":{"line":98,"column":32},"end":{"line":98,"column":74}},"type":"cond-expr","locations":[{"start":{"line":98,"column":49},"end":{"line":98,"column":60}},{"start":{"line":98,"column":63},"end":{"line":98,"column":74}}]},"6":{"loc":{"start":{"line":102,"column":12},"end":{"line":105,"column":13}},"type":"if","locations":[{"start":{"line":102,"column":12},"end":{"line":105,"column":13}},{"start":{},"end":{}}]},"7":{"loc":{"start":{"line":102,"column":16},"end":{"line":102,"column":55}},"type":"binary-expr","locations":[{"start":{"line":102,"column":16},"end":{"line":102,"column":33}},{"start":{"line":102,"column":37},"end":{"line":102,"column":55}}]},"8":{"loc":{"start":{"line":111,"column":12},"end":{"line":187,"column":13}},"type":"if","locations":[{"start":{"line":111,"column":12},"end":{"line":187,"column":13}},{"start":{"line":152,"column":19},"end":{"line":187,"column":13}}]},"9":{"loc":{"start":{"line":117,"column":43},"end":{"line":117,"column":87}},"type":"cond-expr","locations":[{"start":{"line":117,"column":60},"end":{"line":117,"column":72}},{"start":{"line":117,"column":75},"end":{"line":117,"column":87}}]},"10":{"loc":{"start":{"line":121,"column":20},"end":{"line":121,"column":97}},"type":"if","locations":[{"start":{"line":121,"column":20},"end":{"line":121,"column":97}},{"start":{},"end":{}}]},"11":{"loc":{"start":{"line":123,"column":20},"end":{"line":138,"column":21}},"type":"if","locations":[{"start":{"line":123,"column":20},"end":{"line":138,"column":21}},{"start":{"line":131,"column":27},"end":{"line":138,"column":21}}]},"12":{"loc":{"start":{"line":140,"column":20},"end":{"line":144,"column":21}},"type":"if","locations":[{"start":{"line":140,"column":20},"end":{"line":144,"column":21}},{"start":{},"end":{}}]},"13":{"loc":{"start":{"line":143,"column":45},"end":{"line":143,"column":113}},"type":"cond-expr","locations":[{"start":{"line":143,"column":61},"end":{"line":143,"column":99}},{"start":{"line":143,"column":102},"end":{"line":143,"column":113}}]},"14":{"loc":{"start":{"line":146,"column":20},"end":{"line":146,"column":66}},"type":"if","locations":[{"start":{"line":146,"column":20},"end":{"line":146,"column":66}},{"start":{},"end":{}}]},"15":{"loc":{"start":{"line":154,"column":16},"end":{"line":160,"column":17}},"type":"if","locations":[{"start":{"line":154,"column":16},"end":{"line":160,"column":17}},{"start":{"line":157,"column":23},"end":{"line":160,"column":17}}]},"16":{"loc":{"start":{"line":154,"column":20},"end":{"line":154,"column":78}},"type":"binary-expr","locations":[{"start":{"line":154,"column":20},"end":{"line":154,"column":47}},{"start":{"line":154,"column":51},"end":{"line":154,"column":78}}]},"17":{"loc":{"start":{"line":162,"column":20},"end":{"line":184,"column":21}},"type":"if","locations":[{"start":{"line":162,"column":20},"end":{"line":184,"column":21}},{"start":{"line":173,"column":27},"end":{"line":184,"column":21}}]},"18":{"loc":{"start":{"line":168,"column":24},"end":{"line":172,"column":25}},"type":"if","locations":[{"start":{"line":168,"column":24},"end":{"line":172,"column":25}},{"start":{},"end":{}}]},"19":{"loc":{"start":{"line":179,"column":24},"end":{"line":183,"column":25}},"type":"if","locations":[{"start":{"line":179,"column":24},"end":{"line":183,"column":25}},{"start":{},"end":{}}]},"20":{"loc":{"start":{"line":186,"column":36},"end":{"line":186,"column":60}},"type":"cond-expr","locations":[{"start":{"line":186,"column":51},"end":{"line":186,"column":54}},{"start":{"line":186,"column":57},"end":{"line":186,"column":60}}]},"21":{"loc":{"start":{"line":193,"column":23},"end":{"line":193,"column":67}},"type":"cond-expr","locations":[{"start":{"line":193,"column":40},"end":{"line":193,"column":52}},{"start":{"line":193,"column":55},"end":{"line":193,"column":67}}]},"22":{"loc":{"start":{"line":194,"column":21},"end":{"line":194,"column":61}},"type":"cond-expr","locations":[{"start":{"line":194,"column":38},"end":{"line":194,"column":48}},{"start":{"line":194,"column":51},"end":{"line":194,"column":61}}]},"23":{"loc":{"start":{"line":198,"column":12},"end":{"line":198,"column":39}},"type":"if","locations":[{"start":{"line":198,"column":12},"end":{"line":198,"column":39}},{"start":{},"end":{}}]},"24":{"loc":{"start":{"line":199,"column":12},"end":{"line":203,"column":13}},"type":"if","locations":[{"start":{"line":199,"column":12},"end":{"line":203,"column":13}},{"start":{"line":201,"column":19},"end":{"line":203,"column":13}}]},"25":{"loc":{"start":{"line":215,"column":24},"end":{"line":215,"column":48}},"type":"binary-expr","locations":[{"start":{"line":215,"column":24},"end":{"line":215,"column":42}},{"start":{"line":215,"column":46},"end":{"line":215,"column":48}}]},"26":{"loc":{"start":{"line":216,"column":24},"end":{"line":216,"column":48}},"type":"binary-expr","locations":[{"start":{"line":216,"column":24},"end":{"line":216,"column":42}},{"start":{"line":216,"column":46},"end":{"line":216,"column":48}}]},"27":{"loc":{"start":{"line":241,"column":8},"end":{"line":244,"column":9}},"type":"if","locations":[{"start":{"line":241,"column":8},"end":{"line":244,"column":9}},{"start":{},"end":{}}]},"28":{"loc":{"start":{"line":246,"column":24},"end":{"line":246,"column":91}},"type":"cond-expr","locations":[{"start":{"line":246,"column":48},"end":{"line":246,"column":68}},{"start":{"line":246,"column":71},"end":{"line":246,"column":91}}]},"29":{"loc":{"start":{"line":247,"column":8},"end":{"line":250,"column":9}},"type":"if","locations":[{"start":{"line":247,"column":8},"end":{"line":250,"column":9}},{"start":{},"end":{}}]},"30":{"loc":{"start":{"line":256,"column":27},"end":{"line":256,"column":71}},"type":"cond-expr","locations":[{"start":{"line":256,"column":44},"end":{"line":256,"column":56}},{"start":{"line":256,"column":59},"end":{"line":256,"column":71}}]},"31":{"loc":{"start":{"line":262,"column":8},"end":{"line":265,"column":9}},"type":"if","locations":[{"start":{"line":262,"column":8},"end":{"line":265,"column":9}},{"start":{},"end":{}}]},"32":{"loc":{"start":{"line":266,"column":8},"end":{"line":267,"column":29}},"type":"if","locations":[{"start":{"line":266,"column":8},"end":{"line":267,"column":29}},{"start":{"line":267,"column":13},"end":{"line":267,"column":29}}]},"33":{"loc":{"start":{"line":270,"column":8},"end":{"line":296,"column":9}},"type":"if","locations":[{"start":{"line":270,"column":8},"end":{"line":296,"column":9}},{"start":{},"end":{}}]},"34":{"loc":{"start":{"line":274,"column":20},"end":{"line":280,"column":21}},"type":"if","locations":[{"start":{"line":274,"column":20},"end":{"line":280,"column":21}},{"start":{},"end":{}}]},"35":{"loc":{"start":{"line":276,"column":24},"end":{"line":279,"column":25}},"type":"if","locations":[{"start":{"line":276,"column":24},"end":{"line":279,"column":25}},{"start":{},"end":{}}]},"36":{"loc":{"start":{"line":283,"column":20},"end":{"line":289,"column":21}},"type":"if","locations":[{"start":{"line":283,"column":20},"end":{"line":289,"column":21}},{"start":{"line":287,"column":27},"end":{"line":289,"column":21}}]},"37":{"loc":{"start":{"line":286,"column":45},"end":{"line":286,"column":88}},"type":"binary-expr","locations":[{"start":{"line":286,"column":45},"end":{"line":286,"column":61}},{"start":{"line":286,"column":65},"end":{"line":286,"column":88}}]},"38":{"loc":{"start":{"line":288,"column":45},"end":{"line":288,"column":87}},"type":"binary-expr","locations":[{"start":{"line":288,"column":45},"end":{"line":288,"column":61}},{"start":{"line":288,"column":65},"end":{"line":288,"column":87}}]},"39":{"loc":{"start":{"line":299,"column":87},"end":{"line":299,"column":144}},"type":"default-arg","locations":[{"start":{"line":299,"column":133},"end":{"line":299,"column":144}}]},"40":{"loc":{"start":{"line":301,"column":8},"end":{"line":301,"column":45}},"type":"if","locations":[{"start":{"line":301,"column":8},"end":{"line":301,"column":45}},{"start":{},"end":{}}]},"41":{"loc":{"start":{"line":302,"column":8},"end":{"line":305,"column":9}},"type":"if","locations":[{"start":{"line":302,"column":8},"end":{"line":305,"column":9}},{"start":{},"end":{}}]},"42":{"loc":{"start":{"line":302,"column":12},"end":{"line":302,"column":55}},"type":"binary-expr","locations":[{"start":{"line":302,"column":12},"end":{"line":302,"column":25}},{"start":{"line":302,"column":29},"end":{"line":302,"column":55}}]},"43":{"loc":{"start":{"line":307,"column":28},"end":{"line":307,"column":60}},"type":"cond-expr","locations":[{"start":{"line":307,"column":45},"end":{"line":307,"column":51}},{"start":{"line":307,"column":54},"end":{"line":307,"column":60}}]},"44":{"loc":{"start":{"line":309,"column":8},"end":{"line":312,"column":9}},"type":"if","locations":[{"start":{"line":309,"column":8},"end":{"line":312,"column":9}},{"start":{},"end":{}}]},"45":{"loc":{"start":{"line":319,"column":8},"end":{"line":381,"column":9}},"type":"if","locations":[{"start":{"line":319,"column":8},"end":{"line":381,"column":9}},{"start":{"line":366,"column":15},"end":{"line":381,"column":9}}]},"46":{"loc":{"start":{"line":325,"column":28},"end":{"line":325,"column":50}},"type":"cond-expr","locations":[{"start":{"line":325,"column":45},"end":{"line":325,"column":46}},{"start":{"line":325,"column":49},"end":{"line":325,"column":50}}]},"47":{"loc":{"start":{"line":336,"column":16},"end":{"line":339,"column":17}},"type":"if","locations":[{"start":{"line":336,"column":16},"end":{"line":339,"column":17}},{"start":{},"end":{}}]},"48":{"loc":{"start":{"line":336,"column":20},"end":{"line":336,"column":65}},"type":"binary-expr","locations":[{"start":{"line":336,"column":20},"end":{"line":336,"column":31}},{"start":{"line":336,"column":35},"end":{"line":336,"column":65}}]},"49":{"loc":{"start":{"line":337,"column":41},"end":{"line":337,"column":82}},"type":"binary-expr","locations":[{"start":{"line":337,"column":41},"end":{"line":337,"column":60}},{"start":{"line":337,"column":64},"end":{"line":337,"column":82}}]},"50":{"loc":{"start":{"line":342,"column":16},"end":{"line":358,"column":17}},"type":"if","locations":[{"start":{"line":342,"column":16},"end":{"line":358,"column":17}},{"start":{"line":350,"column":23},"end":{"line":358,"column":17}}]},"51":{"loc":{"start":{"line":360,"column":37},"end":{"line":360,"column":106}},"type":"binary-expr","locations":[{"start":{"line":360,"column":38},"end":{"line":360,"column":49}},{"start":{"line":360,"column":53},"end":{"line":360,"column":72}},{"start":{"line":360,"column":77},"end":{"line":360,"column":89}},{"start":{"line":360,"column":93},"end":{"line":360,"column":106}}]},"52":{"loc":{"start":{"line":369,"column":12},"end":{"line":377,"column":13}},"type":"if","locations":[{"start":{"line":369,"column":12},"end":{"line":377,"column":13}},{"start":{"line":373,"column":19},"end":{"line":377,"column":13}}]},"53":{"loc":{"start":{"line":390,"column":19},"end":{"line":390,"column":72}},"type":"cond-expr","locations":[{"start":{"line":390,"column":29},"end":{"line":390,"column":45}},{"start":{"line":390,"column":49},"end":{"line":390,"column":72}}]},"54":{"loc":{"start":{"line":411,"column":12},"end":{"line":416,"column":13}},"type":"if","locations":[{"start":{"line":411,"column":12},"end":{"line":416,"column":13}},{"start":{"line":414,"column":19},"end":{"line":416,"column":13}}]},"55":{"loc":{"start":{"line":415,"column":37},"end":{"line":415,"column":88}},"type":"binary-expr","locations":[{"start":{"line":415,"column":37},"end":{"line":415,"column":51}},{"start":{"line":415,"column":55},"end":{"line":415,"column":88}}]},"56":{"loc":{"start":{"line":425,"column":8},"end":{"line":425,"column":52}},"type":"default-arg","locations":[{"start":{"line":425,"column":43},"end":{"line":425,"column":52}}]},"57":{"loc":{"start":{"line":426,"column":8},"end":{"line":426,"column":21}},"type":"default-arg","locations":[{"start":{"line":426,"column":20},"end":{"line":426,"column":21}}]},"58":{"loc":{"start":{"line":427,"column":8},"end":{"line":427,"column":21}},"type":"default-arg","locations":[{"start":{"line":427,"column":20},"end":{"line":427,"column":21}}]},"59":{"loc":{"start":{"line":451,"column":17},"end":{"line":454,"column":null}},"type":"binary-expr","locations":[{"start":{"line":451,"column":17},"end":{"line":451,"column":23}},{"start":{"line":452,"column":20},"end":{"line":453,"column":null}}]},"60":{"loc":{"start":{"line":456,"column":17},"end":{"line":466,"column":null}},"type":"binary-expr","locations":[{"start":{"line":456,"column":17},"end":{"line":456,"column":23}},{"start":{"line":457,"column":20},"end":{"line":465,"column":null}}]},"61":{"loc":{"start":{"line":459,"column":40},"end":{"line":459,"column":104}},"type":"cond-expr","locations":[{"start":{"line":459,"column":63},"end":{"line":459,"column":66}},{"start":{"line":459,"column":69},"end":{"line":459,"column":104}}]},"62":{"loc":{"start":{"line":459,"column":69},"end":{"line":459,"column":104}},"type":"cond-expr","locations":[{"start":{"line":459,"column":92},"end":{"line":459,"column":95}},{"start":{"line":459,"column":98},"end":{"line":459,"column":104}}]},"63":{"loc":{"start":{"line":460,"column":94},"end":{"line":460,"column":172}},"type":"cond-expr","locations":[{"start":{"line":460,"column":117},"end":{"line":460,"column":127}},{"start":{"line":460,"column":130},"end":{"line":460,"column":172}}]},"64":{"loc":{"start":{"line":460,"column":130},"end":{"line":460,"column":172}},"type":"cond-expr","locations":[{"start":{"line":460,"column":153},"end":{"line":460,"column":163}},{"start":{"line":460,"column":166},"end":{"line":460,"column":172}}]},"65":{"loc":{"start":{"line":474,"column":25},"end":{"line":475,"column":null}},"type":"binary-expr","locations":[{"start":{"line":474,"column":25},"end":{"line":474,"column":42}},{"start":{"line":475,"column":28},"end":{"line":475,"column":97}}]},"66":{"loc":{"start":{"line":480,"column":75},"end":{"line":480,"column":114}},"type":"cond-expr","locations":[{"start":{"line":480,"column":99},"end":{"line":480,"column":109}},{"start":{"line":480,"column":112},"end":{"line":480,"column":114}}]},"67":{"loc":{"start":{"line":481,"column":75},"end":{"line":481,"column":114}},"type":"cond-expr","locations":[{"start":{"line":481,"column":99},"end":{"line":481,"column":109}},{"start":{"line":481,"column":112},"end":{"line":481,"column":114}}]},"68":{"loc":{"start":{"line":486,"column":71},"end":{"line":486,"column":117}},"type":"cond-expr","locations":[{"start":{"line":486,"column":102},"end":{"line":486,"column":112}},{"start":{"line":486,"column":115},"end":{"line":486,"column":117}}]},"69":{"loc":{"start":{"line":492,"column":71},"end":{"line":492,"column":115}},"type":"cond-expr","locations":[{"start":{"line":492,"column":100},"end":{"line":492,"column":110}},{"start":{"line":492,"column":113},"end":{"line":492,"column":115}}]},"70":{"loc":{"start":{"line":502,"column":42},"end":{"line":502,"column":121}},"type":"binary-expr","locations":[{"start":{"line":502,"column":42},"end":{"line":502,"column":76}},{"start":{"line":502,"column":81},"end":{"line":502,"column":120}}]},"71":{"loc":{"start":{"line":502,"column":81},"end":{"line":502,"column":120}},"type":"cond-expr","locations":[{"start":{"line":502,"column":105},"end":{"line":502,"column":111}},{"start":{"line":502,"column":114},"end":{"line":502,"column":120}}]},"72":{"loc":{"start":{"line":504,"column":33},"end":{"line":504,"column":140}},"type":"cond-expr","locations":[{"start":{"line":504,"column":58},"end":{"line":504,"column":96}},{"start":{"line":504,"column":101},"end":{"line":504,"column":139}}]},"73":{"loc":{"start":{"line":504,"column":58},"end":{"line":504,"column":96}},"type":"cond-expr","locations":[{"start":{"line":504,"column":67},"end":{"line":504,"column":75}},{"start":{"line":504,"column":78},"end":{"line":504,"column":96}}]},"74":{"loc":{"start":{"line":504,"column":101},"end":{"line":504,"column":139}},"type":"cond-expr","locations":[{"start":{"line":504,"column":110},"end":{"line":504,"column":118}},{"start":{"line":504,"column":121},"end":{"line":504,"column":139}}]},"75":{"loc":{"start":{"line":511,"column":45},"end":{"line":511,"column":108}},"type":"cond-expr","locations":[{"start":{"line":511,"column":69},"end":{"line":511,"column":87}},{"start":{"line":511,"column":90},"end":{"line":511,"column":108}}]},"76":{"loc":{"start":{"line":516,"column":41},"end":{"line":524,"column":null}},"type":"cond-expr","locations":[{"start":{"line":517,"column":44},"end":{"line":517,"column":98}},{"start":{"line":519,"column":44},"end":{"line":523,"column":null}}]},"77":{"loc":{"start":{"line":520,"column":87},"end":{"line":520,"column":130}},"type":"cond-expr","locations":[{"start":{"line":520,"column":115},"end":{"line":520,"column":125}},{"start":{"line":520,"column":128},"end":{"line":520,"column":130}}]},"78":{"loc":{"start":{"line":523,"column":49},"end":{"line":523,"column":98}},"type":"cond-expr","locations":[{"start":{"line":523,"column":77},"end":{"line":523,"column":87}},{"start":{"line":523,"column":90},"end":{"line":523,"column":98}}]},"79":{"loc":{"start":{"line":538,"column":53},"end":{"line":538,"column":96}},"type":"cond-expr","locations":[{"start":{"line":538,"column":83},"end":{"line":538,"column":91}},{"start":{"line":538,"column":94},"end":{"line":538,"column":96}}]},"80":{"loc":{"start":{"line":538,"column":53},"end":{"line":538,"column":80}},"type":"binary-expr","locations":[{"start":{"line":538,"column":53},"end":{"line":538,"column":64}},{"start":{"line":538,"column":68},"end":{"line":538,"column":80}}]},"81":{"loc":{"start":{"line":550,"column":47},"end":{"line":550,"column":71}},"type":"binary-expr","locations":[{"start":{"line":550,"column":47},"end":{"line":550,"column":63}},{"start":{"line":550,"column":67},"end":{"line":550,"column":71}}]},"82":{"loc":{"start":{"line":551,"column":51},"end":{"line":551,"column":76}},"type":"binary-expr","locations":[{"start":{"line":551,"column":51},"end":{"line":551,"column":71}},{"start":{"line":551,"column":75},"end":{"line":551,"column":76}}]},"83":{"loc":{"start":{"line":563,"column":53},"end":{"line":563,"column":96}},"type":"cond-expr","locations":[{"start":{"line":563,"column":83},"end":{"line":563,"column":91}},{"start":{"line":563,"column":94},"end":{"line":563,"column":96}}]},"84":{"loc":{"start":{"line":563,"column":53},"end":{"line":563,"column":80}},"type":"binary-expr","locations":[{"start":{"line":563,"column":53},"end":{"line":563,"column":64}},{"start":{"line":563,"column":68},"end":{"line":563,"column":80}}]},"85":{"loc":{"start":{"line":575,"column":47},"end":{"line":575,"column":71}},"type":"binary-expr","locations":[{"start":{"line":575,"column":47},"end":{"line":575,"column":63}},{"start":{"line":575,"column":67},"end":{"line":575,"column":71}}]},"86":{"loc":{"start":{"line":576,"column":51},"end":{"line":576,"column":76}},"type":"binary-expr","locations":[{"start":{"line":576,"column":51},"end":{"line":576,"column":71}},{"start":{"line":576,"column":75},"end":{"line":576,"column":76}}]}},"s":{"0":6,"1":6,"2":6,"3":6,"4":6,"5":6,"6":6,"7":209,"8":103,"9":209,"10":103,"11":209,"12":209,"13":209,"14":209,"15":209,"16":209,"17":209,"18":103,"19":209,"20":103,"21":209,"22":209,"23":209,"24":209,"25":209,"26":209,"27":209,"28":5,"29":2,"30":2,"31":3,"32":0,"33":3,"34":3,"35":3,"36":3,"37":3,"38":0,"39":0,"40":3,"41":3,"42":3,"43":3,"44":3,"45":3,"46":3,"47":3,"48":3,"49":3,"50":3,"51":3,"52":0,"53":0,"54":0,"55":0,"56":0,"57":0,"58":0,"59":0,"60":0,"61":3,"62":0,"63":0,"64":0,"65":3,"66":3,"67":0,"68":0,"69":0,"70":0,"71":0,"72":0,"73":0,"74":0,"75":0,"76":0,"77":0,"78":0,"79":0,"80":0,"81":0,"82":0,"83":0,"84":0,"85":0,"86":0,"87":0,"88":0,"89":0,"90":0,"91":0,"92":0,"93":0,"94":0,"95":0,"96":0,"97":0,"98":0,"99":0,"100":0,"101":0,"102":0,"103":0,"104":0,"105":5,"106":5,"107":5,"108":5,"109":5,"110":5,"111":5,"112":5,"113":5,"114":5,"115":5,"116":5,"117":5,"118":5,"119":5,"120":5,"121":5,"122":5,"123":5,"124":5,"125":5,"126":5,"127":5,"128":23,"129":3,"130":3,"131":20,"132":20,"133":0,"134":0,"135":20,"136":213,"137":289,"138":289,"139":4,"140":0,"141":0,"142":4,"143":2,"144":2,"145":4,"146":2,"147":2,"148":2,"149":0,"150":0,"151":0,"152":0,"153":2,"154":2,"155":2,"156":2,"157":2,"158":2,"159":0,"160":0,"161":0,"162":2,"163":15,"164":0,"165":15,"166":0,"167":0,"168":15,"169":15,"170":15,"171":3,"172":3,"173":12,"174":12,"175":12,"176":56,"177":12,"178":6,"179":6,"180":6,"181":6,"182":6,"183":1,"184":1,"185":5,"186":5,"187":5,"188":5,"189":5,"190":5,"191":5,"192":5,"193":0,"194":0,"195":0,"196":0,"197":0,"198":0,"199":0,"200":5,"201":5,"202":0,"203":0,"204":6,"205":6,"206":6,"207":6,"208":6,"209":6,"210":0,"211":0,"212":0,"213":0,"214":6,"215":6,"216":209,"217":103,"218":103,"219":102,"220":1,"221":1,"222":209,"223":103,"224":108,"225":108,"226":103,"227":103,"228":44,"229":44,"230":59,"231":5,"232":5,"233":0,"234":0,"235":0,"236":0,"237":0,"238":0,"239":209,"240":0,"241":0,"242":0,"243":2,"244":8,"245":1,"246":5,"247":4,"248":1045,"249":1045,"250":23},"f":{"0":209,"1":103,"2":103,"3":103,"4":103,"5":5,"6":3,"7":0,"8":0,"9":0,"10":0,"11":0,"12":0,"13":0,"14":5,"15":23,"16":213,"17":289,"18":4,"19":2,"20":15,"21":6,"22":5,"23":0,"24":0,"25":6,"26":0,"27":103,"28":103,"29":108,"30":0,"31":0,"32":0,"33":0,"34":0,"35":2,"36":8,"37":1,"38":5,"39":4,"40":1045,"41":23},"b":{"0":[2,3],"1":[5,5],"2":[0,3],"3":[3,0],"4":[3,0],"5":[3,0],"6":[0,3],"7":[3,3],"8":[3,0],"9":[3,0],"10":[3,0],"11":[3,0],"12":[0,3],"13":[0,0],"14":[3,0],"15":[0,0],"16":[0,0],"17":[0,0],"18":[0,0],"19":[0,0],"20":[0,0],"21":[0,0],"22":[0,0],"23":[0,0],"24":[0,0],"25":[5,0],"26":[5,0],"27":[3,20],"28":[20,0],"29":[0,20],"30":[231,58],"31":[0,4],"32":[2,2],"33":[2,2],"34":[0,2],"35":[0,0],"36":[2,0],"37":[2,0],"38":[0,0],"39":[0],"40":[0,15],"41":[0,15],"42":[15,15],"43":[15,0],"44":[3,12],"45":[6,6],"46":[6,0],"47":[1,5],"48":[6,6],"49":[1,0],"50":[5,0],"51":[5,5,0,0],"52":[6,0],"53":[98,4],"54":[44,59],"55":[59,59],"56":[0],"57":[0],"58":[0],"59":[209,0],"60":[209,0],"61":[0,0],"62":[0,0],"63":[0,0],"64":[0,0],"65":[209,75],"66":[193,16],"67":[16,193],"68":[201,8],"69":[8,201],"70":[209,12],"71":[4,8],"72":[193,16],"73":[2,191],"74":[6,10],"75":[965,80],"76":[76,969],"77":[25,944],"78":[25,944],"79":[2,207],"80":[209,4],"81":[209,184],"82":[209,184],"83":[2,207],"84":[209,4],"85":[209,184],"86":[209,184]}}
,"C:\\Users\\aitzo\\1.KUATRI\\SoftwareEngineering\\Battlenet Game\\frontend\\src\\pages\\Game\\helpers.ts": {"path":"C:\\Users\\aitzo\\1.KUATRI\\SoftwareEngineering\\Battlenet Game\\frontend\\src\\pages\\Game\\helpers.ts","statementMap":{"0":{"start":{"line":3,"column":0},"end":{"line":3,"column":16}},"1":{"start":{"line":14,"column":0},"end":{"line":14,"column":16}},"2":{"start":{"line":20,"column":0},"end":{"line":20,"column":16}},"3":{"start":{"line":52,"column":0},"end":{"line":52,"column":16}},"4":{"start":{"line":94,"column":0},"end":{"line":94,"column":16}},"5":{"start":{"line":100,"column":0},"end":{"line":100,"column":16}},"6":{"start":{"line":113,"column":0},"end":{"line":113,"column":16}},"7":{"start":{"line":118,"column":0},"end":{"line":118,"column":16}},"8":{"start":{"line":128,"column":0},"end":{"line":128,"column":16}},"9":{"start":{"line":139,"column":0},"end":{"line":139,"column":16}},"10":{"start":{"line":154,"column":0},"end":{"line":154,"column":16}},"11":{"start":{"line":166,"column":0},"end":{"line":166,"column":16}},"12":{"start":{"line":4,"column":25},"end":{"line":4,"column":27}},"13":{"start":{"line":5,"column":2},"end":{"line":10,"column":3}},"14":{"start":{"line":6,"column":22},"end":{"line":6,"column":42}},"15":{"start":{"line":7,"column":4},"end":{"line":7,"column":41}},"16":{"start":{"line":7,"column":32},"end":{"line":7,"column":41}},"17":{"start":{"line":8,"column":19},"end":{"line":8,"column":66}},"18":{"start":{"line":8,"column":42},"end":{"line":8,"column":65}},"19":{"start":{"line":9,"column":4},"end":{"line":9,"column":34}},"20":{"start":{"line":9,"column":16},"end":{"line":9,"column":34}},"21":{"start":{"line":11,"column":2},"end":{"line":11,"column":14}},"22":{"start":{"line":15,"column":2},"end":{"line":15,"column":49}},"23":{"start":{"line":15,"column":33},"end":{"line":15,"column":47}},"24":{"start":{"line":21,"column":14},"end":{"line":21,"column":36}},"25":{"start":{"line":22,"column":14},"end":{"line":22,"column":24}},"26":{"start":{"line":23,"column":30},"end":{"line":23,"column":32}},"27":{"start":{"line":25,"column":2},"end":{"line":32,"column":3}},"28":{"start":{"line":26,"column":4},"end":{"line":26,"column":104}},"29":{"start":{"line":26,"column":27},"end":{"line":26,"column":104}},"30":{"start":{"line":27,"column":4},"end":{"line":30,"column":5}},"31":{"start":{"line":27,"column":17},"end":{"line":27,"column":18}},"32":{"start":{"line":28,"column":6},"end":{"line":28,"column":93}},"33":{"start":{"line":28,"column":37},"end":{"line":28,"column":93}},"34":{"start":{"line":29,"column":6},"end":{"line":29,"column":32}},"35":{"start":{"line":31,"column":4},"end":{"line":31,"column":35}},"36":{"start":{"line":35,"column":2},"end":{"line":35,"column":100}},"37":{"start":{"line":35,"column":25},"end":{"line":35,"column":100}},"38":{"start":{"line":36,"column":2},"end":{"line":40,"column":3}},"39":{"start":{"line":36,"column":15},"end":{"line":36,"column":16}},"40":{"start":{"line":37,"column":16},"end":{"line":37,"column":30}},"41":{"start":{"line":38,"column":4},"end":{"line":38,"column":79}},"42":{"start":{"line":38,"column":29},"end":{"line":38,"column":79}},"43":{"start":{"line":39,"column":4},"end":{"line":39,"column":24}},"44":{"start":{"line":41,"column":2},"end":{"line":41,"column":33}},"45":{"start":{"line":53,"column":20},"end":{"line":53,"column":36}},"46":{"start":{"line":54,"column":41},"end":{"line":54,"column":45}},"47":{"start":{"line":55,"column":28},"end":{"line":55,"column":30}},"48":{"start":{"line":56,"column":42},"end":{"line":56,"column":51}},"49":{"start":{"line":57,"column":47},"end":{"line":57,"column":56}},"50":{"start":{"line":59,"column":17},"end":{"line":59,"column":29}},"51":{"start":{"line":60,"column":19},"end":{"line":60,"column":45}},"52":{"start":{"line":62,"column":2},"end":{"line":68,"column":3}},"53":{"start":{"line":63,"column":4},"end":{"line":63,"column":29}},"54":{"start":{"line":64,"column":4},"end":{"line":64,"column":71}},"55":{"start":{"line":66,"column":4},"end":{"line":66,"column":30}},"56":{"start":{"line":67,"column":4},"end":{"line":67,"column":62}},"57":{"start":{"line":71,"column":2},"end":{"line":71,"column":58}},"58":{"start":{"line":73,"column":2},"end":{"line":85,"column":3}},"59":{"start":{"line":74,"column":4},"end":{"line":74,"column":33}},"60":{"start":{"line":77,"column":20},"end":{"line":81,"column":8}},"61":{"start":{"line":77,"column":116},"end":{"line":77,"column":130}},"62":{"start":{"line":79,"column":26},"end":{"line":79,"column":54}},"63":{"start":{"line":80,"column":8},"end":{"line":80,"column":64}},"64":{"start":{"line":80,"column":38},"end":{"line":80,"column":62}},"65":{"start":{"line":82,"column":4},"end":{"line":84,"column":5}},"66":{"start":{"line":83,"column":6},"end":{"line":83,"column":54}},"67":{"start":{"line":87,"column":2},"end":{"line":89,"column":3}},"68":{"start":{"line":88,"column":4},"end":{"line":88,"column":58}},"69":{"start":{"line":91,"column":2},"end":{"line":91,"column":85}},"70":{"start":{"line":95,"column":13},"end":{"line":95,"column":55}},"71":{"start":{"line":96,"column":2},"end":{"line":96,"column":24}},"72":{"start":{"line":96,"column":10},"end":{"line":96,"column":24}},"73":{"start":{"line":97,"column":2},"end":{"line":97,"column":44}},"74":{"start":{"line":102,"column":2},"end":{"line":107,"column":3}},"75":{"start":{"line":103,"column":4},"end":{"line":103,"column":95}},"76":{"start":{"line":103,"column":23},"end":{"line":103,"column":95}},"77":{"start":{"line":105,"column":19},"end":{"line":105,"column":70}},"78":{"start":{"line":106,"column":4},"end":{"line":106,"column":96}},"79":{"start":{"line":109,"column":17},"end":{"line":109,"column":68}},"80":{"start":{"line":110,"column":2},"end":{"line":110,"column":95}},"81":{"start":{"line":114,"column":2},"end":{"line":114,"column":112}},"82":{"start":{"line":114,"column":37},"end":{"line":114,"column":112}},"83":{"start":{"line":115,"column":2},"end":{"line":115,"column":78}},"84":{"start":{"line":119,"column":20},"end":{"line":119,"column":58}},"85":{"start":{"line":120,"column":2},"end":{"line":120,"column":121}},"86":{"start":{"line":120,"column":24},"end":{"line":120,"column":121}},"87":{"start":{"line":121,"column":2},"end":{"line":121,"column":68}},"88":{"start":{"line":121,"column":30},"end":{"line":121,"column":68}},"89":{"start":{"line":122,"column":2},"end":{"line":122,"column":101}},"90":{"start":{"line":122,"column":47},"end":{"line":122,"column":101}},"91":{"start":{"line":123,"column":2},"end":{"line":123,"column":101}},"92":{"start":{"line":123,"column":52},"end":{"line":123,"column":101}},"93":{"start":{"line":124,"column":2},"end":{"line":124,"column":65}},"94":{"start":{"line":125,"column":2},"end":{"line":125,"column":21}},"95":{"start":{"line":130,"column":2},"end":{"line":136,"column":4}},"96":{"start":{"line":145,"column":2},"end":{"line":145,"column":79}},"97":{"start":{"line":145,"column":67},"end":{"line":145,"column":79}},"98":{"start":{"line":146,"column":15},"end":{"line":146,"column":62}},"99":{"start":{"line":147,"column":19},"end":{"line":147,"column":46}},"100":{"start":{"line":148,"column":2},"end":{"line":150,"column":3}},"101":{"start":{"line":149,"column":4},"end":{"line":149,"column":25}},"102":{"start":{"line":151,"column":2},"end":{"line":151,"column":14}},"103":{"start":{"line":160,"column":2},"end":{"line":162,"column":3}},"104":{"start":{"line":161,"column":4},"end":{"line":161,"column":26}},"105":{"start":{"line":163,"column":2},"end":{"line":163,"column":24}},"106":{"start":{"line":173,"column":15},"end":{"line":173,"column":31}},"107":{"start":{"line":174,"column":2},"end":{"line":174,"column":56}},"108":{"start":{"line":174,"column":29},"end":{"line":174,"column":56}},"109":{"start":{"line":175,"column":17},"end":{"line":175,"column":40}},"110":{"start":{"line":176,"column":2},"end":{"line":176,"column":33}}},"fnMap":{"0":{"name":"computeSunkShips","decl":{"start":{"line":3,"column":16},"end":{"line":3,"column":32}},"loc":{"start":{"line":3,"column":94},"end":{"line":12,"column":1}}},"1":{"name":"(anonymous_1)","decl":{"start":{"line":8,"column":35},"end":{"line":8,"column":38}},"loc":{"start":{"line":8,"column":42},"end":{"line":8,"column":65}}},"2":{"name":"allShipsPlaced","decl":{"start":{"line":14,"column":16},"end":{"line":14,"column":30}},"loc":{"start":{"line":14,"column":93},"end":{"line":16,"column":1}}},"3":{"name":"(anonymous_3)","decl":{"start":{"line":15,"column":28},"end":{"line":15,"column":29}},"loc":{"start":{"line":15,"column":33},"end":{"line":15,"column":47}}},"4":{"name":"computePlacement","decl":{"start":{"line":20,"column":16},"end":{"line":20,"column":32}},"loc":{"start":{"line":20,"column":128},"end":{"line":42,"column":1}}},"5":{"name":"interpretShootResponse","decl":{"start":{"line":52,"column":16},"end":{"line":52,"column":38}},"loc":{"start":{"line":52,"column":156},"end":{"line":92,"column":1}}},"6":{"name":"(anonymous_6)","decl":{"start":{"line":77,"column":109},"end":{"line":77,"column":111}},"loc":{"start":{"line":77,"column":116},"end":{"line":77,"column":130}}},"7":{"name":"(anonymous_7)","decl":{"start":{"line":78,"column":40},"end":{"line":78,"column":46}},"loc":{"start":{"line":78,"column":49},"end":{"line":81,"column":7}}},"8":{"name":"(anonymous_8)","decl":{"start":{"line":80,"column":31},"end":{"line":80,"column":34}},"loc":{"start":{"line":80,"column":38},"end":{"line":80,"column":62}}},"9":{"name":"parseCreateGameResponse","decl":{"start":{"line":94,"column":16},"end":{"line":94,"column":39}},"loc":{"start":{"line":94,"column":49},"end":{"line":98,"column":1}}},"10":{"name":"interpretPlaceShipResponse","decl":{"start":{"line":100,"column":16},"end":{"line":100,"column":42}},"loc":{"start":{"line":100,"column":138},"end":{"line":111,"column":1}}},"11":{"name":"interpretStartResponse","decl":{"start":{"line":113,"column":16},"end":{"line":113,"column":38}},"loc":{"start":{"line":113,"column":48},"end":{"line":116,"column":1}}},"12":{"name":"computeSceneWithCell","decl":{"start":{"line":118,"column":16},"end":{"line":118,"column":36}},"loc":{"start":{"line":118,"column":130},"end":{"line":126,"column":1}}},"13":{"name":"computeResetState","decl":{"start":{"line":128,"column":16},"end":{"line":128,"column":33}},"loc":{"start":{"line":128,"column":42},"end":{"line":137,"column":1}}},"14":{"name":"checkLocalWinner","decl":{"start":{"line":139,"column":16},"end":{"line":139,"column":32}},"loc":{"start":{"line":142,"column":34},"end":{"line":152,"column":1}}},"15":{"name":"isGameReadyToStart","decl":{"start":{"line":154,"column":16},"end":{"line":154,"column":34}},"loc":{"start":{"line":157,"column":26},"end":{"line":164,"column":1}}},"16":{"name":"applyLocalPlacement","decl":{"start":{"line":166,"column":16},"end":{"line":166,"column":35}},"loc":{"start":{"line":170,"column":32},"end":{"line":177,"column":1}}}},"branchMap":{"0":{"loc":{"start":{"line":6,"column":22},"end":{"line":6,"column":42}},"type":"binary-expr","locations":[{"start":{"line":6,"column":22},"end":{"line":6,"column":36}},{"start":{"line":6,"column":40},"end":{"line":6,"column":42}}]},"1":{"loc":{"start":{"line":7,"column":4},"end":{"line":7,"column":41}},"type":"if","locations":[{"start":{"line":7,"column":4},"end":{"line":7,"column":41}},{"start":{},"end":{}}]},"2":{"loc":{"start":{"line":9,"column":4},"end":{"line":9,"column":34}},"type":"if","locations":[{"start":{"line":9,"column":4},"end":{"line":9,"column":34}},{"start":{},"end":{}}]},"3":{"loc":{"start":{"line":25,"column":2},"end":{"line":32,"column":3}},"type":"if","locations":[{"start":{"line":25,"column":2},"end":{"line":32,"column":3}},{"start":{},"end":{}}]},"4":{"loc":{"start":{"line":26,"column":4},"end":{"line":26,"column":104}},"type":"if","locations":[{"start":{"line":26,"column":4},"end":{"line":26,"column":104}},{"start":{},"end":{}}]},"5":{"loc":{"start":{"line":28,"column":6},"end":{"line":28,"column":93}},"type":"if","locations":[{"start":{"line":28,"column":6},"end":{"line":28,"column":93}},{"start":{},"end":{}}]},"6":{"loc":{"start":{"line":35,"column":2},"end":{"line":35,"column":100}},"type":"if","locations":[{"start":{"line":35,"column":2},"end":{"line":35,"column":100}},{"start":{},"end":{}}]},"7":{"loc":{"start":{"line":38,"column":4},"end":{"line":38,"column":79}},"type":"if","locations":[{"start":{"line":38,"column":4},"end":{"line":38,"column":79}},{"start":{},"end":{}}]},"8":{"loc":{"start":{"line":60,"column":19},"end":{"line":60,"column":45}},"type":"cond-expr","locations":[{"start":{"line":60,"column":36},"end":{"line":60,"column":39}},{"start":{"line":60,"column":42},"end":{"line":60,"column":45}}]},"9":{"loc":{"start":{"line":62,"column":2},"end":{"line":68,"column":3}},"type":"if","locations":[{"start":{"line":62,"column":2},"end":{"line":68,"column":3}},{"start":{"line":65,"column":9},"end":{"line":68,"column":3}}]},"10":{"loc":{"start":{"line":62,"column":6},"end":{"line":62,"column":72}},"type":"binary-expr","locations":[{"start":{"line":62,"column":6},"end":{"line":62,"column":32}},{"start":{"line":62,"column":36},"end":{"line":62,"column":72}}]},"11":{"loc":{"start":{"line":73,"column":2},"end":{"line":85,"column":3}},"type":"if","locations":[{"start":{"line":73,"column":2},"end":{"line":85,"column":3}},{"start":{"line":75,"column":9},"end":{"line":85,"column":3}}]},"12":{"loc":{"start":{"line":73,"column":6},"end":{"line":73,"column":38}},"type":"binary-expr","locations":[{"start":{"line":73,"column":6},"end":{"line":73,"column":22}},{"start":{"line":73,"column":26},"end":{"line":73,"column":38}}]},"13":{"loc":{"start":{"line":74,"column":13},"end":{"line":74,"column":32}},"type":"binary-expr","locations":[{"start":{"line":74,"column":13},"end":{"line":74,"column":24}},{"start":{"line":74,"column":28},"end":{"line":74,"column":32}}]},"14":{"loc":{"start":{"line":77,"column":20},"end":{"line":81,"column":8}},"type":"binary-expr","locations":[{"start":{"line":77,"column":20},"end":{"line":77,"column":58}},{"start":{"line":77,"column":62},"end":{"line":77,"column":148}},{"start":{"line":78,"column":6},"end":{"line":81,"column":8}}]},"15":{"loc":{"start":{"line":79,"column":26},"end":{"line":79,"column":54}},"type":"binary-expr","locations":[{"start":{"line":79,"column":26},"end":{"line":79,"column":48}},{"start":{"line":79,"column":52},"end":{"line":79,"column":54}}]},"16":{"loc":{"start":{"line":82,"column":4},"end":{"line":84,"column":5}},"type":"if","locations":[{"start":{"line":82,"column":4},"end":{"line":84,"column":5}},{"start":{},"end":{}}]},"17":{"loc":{"start":{"line":83,"column":15},"end":{"line":83,"column":53}},"type":"cond-expr","locations":[{"start":{"line":83,"column":32},"end":{"line":83,"column":41}},{"start":{"line":83,"column":44},"end":{"line":83,"column":53}}]},"18":{"loc":{"start":{"line":87,"column":2},"end":{"line":89,"column":3}},"type":"if","locations":[{"start":{"line":87,"column":2},"end":{"line":89,"column":3}},{"start":{},"end":{}}]},"19":{"loc":{"start":{"line":88,"column":15},"end":{"line":88,"column":57}},"type":"cond-expr","locations":[{"start":{"line":88,"column":48},"end":{"line":88,"column":51}},{"start":{"line":88,"column":54},"end":{"line":88,"column":57}}]},"20":{"loc":{"start":{"line":95,"column":13},"end":{"line":95,"column":55}},"type":"binary-expr","locations":[{"start":{"line":95,"column":13},"end":{"line":95,"column":25}},{"start":{"line":95,"column":29},"end":{"line":95,"column":47}},{"start":{"line":95,"column":51},"end":{"line":95,"column":55}}]},"21":{"loc":{"start":{"line":96,"column":2},"end":{"line":96,"column":24}},"type":"if","locations":[{"start":{"line":96,"column":2},"end":{"line":96,"column":24}},{"start":{},"end":{}}]},"22":{"loc":{"start":{"line":97,"column":20},"end":{"line":97,"column":41}},"type":"binary-expr","locations":[{"start":{"line":97,"column":20},"end":{"line":97,"column":33}},{"start":{"line":97,"column":37},"end":{"line":97,"column":41}}]},"23":{"loc":{"start":{"line":102,"column":2},"end":{"line":107,"column":3}},"type":"if","locations":[{"start":{"line":102,"column":2},"end":{"line":107,"column":3}},{"start":{},"end":{}}]},"24":{"loc":{"start":{"line":102,"column":6},"end":{"line":102,"column":63}},"type":"binary-expr","locations":[{"start":{"line":102,"column":6},"end":{"line":102,"column":10}},{"start":{"line":102,"column":15},"end":{"line":102,"column":37}},{"start":{"line":102,"column":41},"end":{"line":102,"column":62}}]},"25":{"loc":{"start":{"line":103,"column":4},"end":{"line":103,"column":95}},"type":"if","locations":[{"start":{"line":103,"column":4},"end":{"line":103,"column":95}},{"start":{},"end":{}}]},"26":{"loc":{"start":{"line":103,"column":58},"end":{"line":103,"column":92}},"type":"binary-expr","locations":[{"start":{"line":103,"column":58},"end":{"line":103,"column":70}},{"start":{"line":103,"column":74},"end":{"line":103,"column":92}}]},"27":{"loc":{"start":{"line":106,"column":38},"end":{"line":106,"column":67}},"type":"binary-expr","locations":[{"start":{"line":106,"column":38},"end":{"line":106,"column":50}},{"start":{"line":106,"column":54},"end":{"line":106,"column":67}}]},"28":{"loc":{"start":{"line":110,"column":36},"end":{"line":110,"column":66}},"type":"binary-expr","locations":[{"start":{"line":110,"column":36},"end":{"line":110,"column":49}},{"start":{"line":110,"column":53},"end":{"line":110,"column":66}}]},"29":{"loc":{"start":{"line":114,"column":2},"end":{"line":114,"column":112}},"type":"if","locations":[{"start":{"line":114,"column":2},"end":{"line":114,"column":112}},{"start":{},"end":{}}]},"30":{"loc":{"start":{"line":114,"column":6},"end":{"line":114,"column":35}},"type":"binary-expr","locations":[{"start":{"line":114,"column":6},"end":{"line":114,"column":10}},{"start":{"line":114,"column":14},"end":{"line":114,"column":35}}]},"31":{"loc":{"start":{"line":114,"column":70},"end":{"line":114,"column":109}},"type":"binary-expr","locations":[{"start":{"line":114,"column":70},"end":{"line":114,"column":82}},{"start":{"line":114,"column":86},"end":{"line":114,"column":109}}]},"32":{"loc":{"start":{"line":115,"column":36},"end":{"line":115,"column":75}},"type":"binary-expr","locations":[{"start":{"line":115,"column":36},"end":{"line":115,"column":49}},{"start":{"line":115,"column":53},"end":{"line":115,"column":75}}]},"33":{"loc":{"start":{"line":119,"column":46},"end":{"line":119,"column":56}},"type":"binary-expr","locations":[{"start":{"line":119,"column":46},"end":{"line":119,"column":50}},{"start":{"line":119,"column":54},"end":{"line":119,"column":56}}]},"34":{"loc":{"start":{"line":120,"column":2},"end":{"line":120,"column":121}},"type":"if","locations":[{"start":{"line":120,"column":2},"end":{"line":120,"column":121}},{"start":{},"end":{}}]},"35":{"loc":{"start":{"line":121,"column":2},"end":{"line":121,"column":68}},"type":"if","locations":[{"start":{"line":121,"column":2},"end":{"line":121,"column":68}},{"start":{},"end":{}}]},"36":{"loc":{"start":{"line":122,"column":2},"end":{"line":122,"column":101}},"type":"if","locations":[{"start":{"line":122,"column":2},"end":{"line":122,"column":101}},{"start":{},"end":{}}]},"37":{"loc":{"start":{"line":123,"column":2},"end":{"line":123,"column":101}},"type":"if","locations":[{"start":{"line":123,"column":2},"end":{"line":123,"column":101}},{"start":{},"end":{}}]},"38":{"loc":{"start":{"line":131,"column":12},"end":{"line":131,"column":48}},"type":"binary-expr","locations":[{"start":{"line":131,"column":12},"end":{"line":131,"column":23}},{"start":{"line":131,"column":27},"end":{"line":131,"column":48}}]},"39":{"loc":{"start":{"line":132,"column":12},"end":{"line":132,"column":48}},"type":"binary-expr","locations":[{"start":{"line":132,"column":12},"end":{"line":132,"column":23}},{"start":{"line":132,"column":27},"end":{"line":132,"column":48}}]},"40":{"loc":{"start":{"line":133,"column":13},"end":{"line":133,"column":31}},"type":"binary-expr","locations":[{"start":{"line":133,"column":13},"end":{"line":133,"column":25}},{"start":{"line":133,"column":29},"end":{"line":133,"column":31}}]},"41":{"loc":{"start":{"line":134,"column":13},"end":{"line":134,"column":31}},"type":"binary-expr","locations":[{"start":{"line":134,"column":13},"end":{"line":134,"column":25}},{"start":{"line":134,"column":29},"end":{"line":134,"column":31}}]},"42":{"loc":{"start":{"line":135,"column":11},"end":{"line":135,"column":29}},"type":"binary-expr","locations":[{"start":{"line":135,"column":11},"end":{"line":135,"column":21}},{"start":{"line":135,"column":25},"end":{"line":135,"column":29}}]},"43":{"loc":{"start":{"line":145,"column":2},"end":{"line":145,"column":79}},"type":"if","locations":[{"start":{"line":145,"column":2},"end":{"line":145,"column":79}},{"start":{},"end":{}}]},"44":{"loc":{"start":{"line":145,"column":6},"end":{"line":145,"column":65}},"type":"binary-expr","locations":[{"start":{"line":145,"column":6},"end":{"line":145,"column":21}},{"start":{"line":145,"column":25},"end":{"line":145,"column":65}}]},"45":{"loc":{"start":{"line":148,"column":2},"end":{"line":150,"column":3}},"type":"if","locations":[{"start":{"line":148,"column":2},"end":{"line":150,"column":3}},{"start":{},"end":{}}]},"46":{"loc":{"start":{"line":160,"column":2},"end":{"line":162,"column":3}},"type":"if","locations":[{"start":{"line":160,"column":2},"end":{"line":162,"column":3}},{"start":{},"end":{}}]},"47":{"loc":{"start":{"line":161,"column":11},"end":{"line":161,"column":25}},"type":"binary-expr","locations":[{"start":{"line":161,"column":11},"end":{"line":161,"column":15}},{"start":{"line":161,"column":19},"end":{"line":161,"column":25}}]},"48":{"loc":{"start":{"line":163,"column":9},"end":{"line":163,"column":23}},"type":"binary-expr","locations":[{"start":{"line":163,"column":9},"end":{"line":163,"column":15}},{"start":{"line":163,"column":19},"end":{"line":163,"column":23}}]}},"s":{"0":15,"1":15,"2":15,"3":15,"4":15,"5":15,"6":15,"7":15,"8":15,"9":15,"10":15,"11":15,"12":10,"13":10,"14":24,"15":24,"16":0,"17":24,"18":31,"19":24,"20":6,"21":10,"22":7,"23":23,"24":20,"25":20,"26":20,"27":20,"28":17,"29":2,"30":15,"31":15,"32":62,"33":2,"34":60,"35":13,"36":3,"37":2,"38":1,"39":1,"40":3,"41":3,"42":0,"43":3,"44":1,"45":6,"46":6,"47":6,"48":6,"49":6,"50":6,"51":6,"52":6,"53":4,"54":4,"55":2,"56":2,"57":6,"58":6,"59":1,"60":5,"61":17,"62":5,"63":5,"64":6,"65":5,"66":1,"67":6,"68":4,"69":6,"70":106,"71":106,"72":46,"73":60,"74":11,"75":3,"76":2,"77":1,"78":1,"79":8,"80":8,"81":5,"82":3,"83":2,"84":2,"85":2,"86":1,"87":2,"88":0,"89":2,"90":1,"91":2,"92":0,"93":2,"94":2,"95":6,"96":5,"97":2,"98":3,"99":3,"100":3,"101":2,"102":1,"103":10,"104":5,"105":5,"106":12,"107":12,"108":41,"109":12,"110":12},"f":{"0":10,"1":31,"2":7,"3":23,"4":20,"5":6,"6":17,"7":5,"8":6,"9":106,"10":11,"11":5,"12":2,"13":6,"14":5,"15":10,"16":12},"b":{"0":[24,0],"1":[0,24],"2":[6,18],"3":[17,3],"4":[2,15],"5":[2,60],"6":[2,1],"7":[0,3],"8":[5,1],"9":[4,2],"10":[6,6],"11":[1,5],"12":[6,5],"13":[1,0],"14":[5,5,5],"15":[5,0],"16":[1,4],"17":[1,0],"18":[4,2],"19":[0,4],"20":[106,61,60],"21":[46,60],"22":[60,59],"23":[3,8],"24":[11,10,8],"25":[2,1],"26":[2,0],"27":[1,0],"28":[8,7],"29":[3,2],"30":[5,4],"31":[3,3],"32":[2,1],"33":[2,1],"34":[1,1],"35":[0,2],"36":[1,1],"37":[0,2],"38":[6,0],"39":[6,1],"40":[6,0],"41":[6,1],"42":[6,1],"43":[2,3],"44":[5,4],"45":[2,1],"46":[5,5],"47":[5,5],"48":[5,4]}}
,"C:\\Users\\aitzo\\1.KUATRI\\SoftwareEngineering\\Battlenet Game\\frontend\\src\\pages\\Home\\Home.tsx": {"path":"C:\\Users\\aitzo\\1.KUATRI\\SoftwareEngineering\\Battlenet Game\\frontend\\src\\pages\\Home\\Home.tsx","statementMap":{"0":{"start":{"line":1,"column":0},"end":{"line":1,"column":24}},"1":{"start":{"line":4,"column":2},"end":{"line":11,"column":null}},"2":{"start":{"line":14,"column":0},"end":{"line":14,"column":null}}},"fnMap":{"0":{"name":"Home","decl":{"start":{"line":3,"column":9},"end":{"line":3,"column":13}},"loc":{"start":{"line":3,"column":13},"end":{"line":12,"column":1}}}},"branchMap":{},"s":{"0":2,"1":4,"2":2},"f":{"0":4},"b":{}}
,"C:\\Users\\aitzo\\1.KUATRI\\SoftwareEngineering\\Battlenet Game\\frontend\\test\\mocks\\styleMock.js": {"path":"C:\\Users\\aitzo\\1.KUATRI\\SoftwareEngineering\\Battlenet Game\\frontend\\test\\mocks\\styleMock.js","statementMap":{"0":{"start":{"line":1,"column":0},"end":{"line":1,"column":20}}},"fnMap":{},"branchMap":{},"s":{"0":8},"f":{},"b":{},"inputSourceMap":null,"_coverageSchema":"1a1c01bbd47fc00a2c39e90264f33305004495a9","hash":"352cdafaa10a279ecc873413bd06e7745f37b94b"}
}
