TN:
SF:src\App.tsx
FN:7,App
FNF:1
FNH:1
FNDA:4,App
DA:1,1
DA:2,1
DA:3,1
DA:4,1
DA:5,1
DA:8,4
DA:28,1
LF:7
LH:7
BRF:0
BRH:0
end_of_record
TN:
SF:src\components\Board.tsx
FN:20,(anonymous_1)
FN:33,(anonymous_2)
FNF:2
FNH:2
FNDA:123,(anonymous_1)
FNDA:12300,(anonymous_2)
DA:1,3
DA:2,3
DA:20,3
DA:31,123
DA:35,12300
DA:36,12300
DA:58,3
LF:7
LH:7
BRDA:24,0,0,64
BRDA:25,1,0,64
BRDA:26,2,0,64
BRDA:27,3,0,64
BRDA:28,4,0,64
BRDA:35,5,0,12300
BRDA:35,5,1,12281
BRF:7
BRH:7
end_of_record
TN:
SF:src\components\Cell.tsx
FN:18,(anonymous_1)
FN:31,handleClick
FN:42,renderContent
FNF:3
FNH:3
FNDA:12311,(anonymous_1)
FNDA:11,handleClick
FNDA:12311,renderContent
DA:1,4
DA:18,4
DA:33,11
DA:34,5
DA:35,5
DA:38,6
DA:39,6
DA:44,12311
DA:45,5902
DA:46,5895
DA:50,6409
DA:52,5904
DA:53,5899
DA:54,5898
DA:58,505
DA:61,12311
DA:68,4
LF:17
LH:17
BRDA:24,0,0,7
BRDA:25,1,0,9
BRDA:26,2,0,8
BRDA:27,3,0,8
BRDA:28,4,0,9
BRDA:33,5,0,5
BRDA:33,5,1,6
BRDA:33,6,0,11
BRDA:33,6,1,6
BRDA:33,6,2,5
BRDA:34,7,0,5
BRDA:34,7,1,0
BRDA:44,8,0,5902
BRDA:44,8,1,6409
BRDA:45,9,0,7
BRDA:45,9,1,5895
BRDA:45,10,0,5902
BRDA:45,10,1,10
BRDA:50,11,0,5904
BRDA:50,11,1,505
BRDA:52,12,0,5
BRDA:52,12,1,5899
BRDA:52,13,0,5904
BRDA:52,13,1,5900
BRDA:53,14,0,1
BRDA:53,14,1,5898
BRF:26
BRH:25
end_of_record
TN:
SF:src\pages\ConnectivityTest.tsx
FN:3,Test
FN:6,check
FN:8,(anonymous_2)
FN:9,(anonymous_3)
FN:13,(anonymous_4)
FNF:5
FNH:5
FNDA:7,Test
FNDA:2,check
FNDA:1,(anonymous_2)
FNDA:1,(anonymous_3)
FNDA:1,(anonymous_4)
DA:1,2
DA:4,7
DA:7,2
DA:8,1
DA:10,1
DA:11,1
DA:14,1
DA:15,1
DA:20,7
DA:29,2
LF:10
LH:10
BRF:0
BRH:0
end_of_record
TN:
SF:src\pages\Game\Game.tsx
FN:38,Game
FN:40,(anonymous_11)
FN:54,(anonymous_12)
FN:82,updateBoard
FN:94,resetBoards
FN:107,selectShipToPlace
FN:121,placeShip
FN:152,(anonymous_17)
FN:181,(anonymous_18)
FN:192,(anonymous_19)
FN:194,normalizeScene
FN:234,fetchScene
FN:258,(anonymous_22)
FN:262,getCell
FN:271,setCell
FN:277,(anonymous_25)
FN:302,(anonymous_26)
FN:309,(anonymous_27)
FNF:18
FNH:15
FNDA:29,Game
FNDA:17,(anonymous_11)
FNDA:17,(anonymous_12)
FNDA:2,updateBoard
FNDA:1,resetBoards
FNDA:5,selectShipToPlace
FNDA:3,placeShip
FNDA:1,(anonymous_17)
FNDA:17,(anonymous_18)
FNDA:17,(anonymous_19)
FNDA:3,normalizeScene
FNDA:17,fetchScene
FNDA:17,(anonymous_22)
FNDA:0,getCell
FNDA:0,setCell
FNDA:0,(anonymous_25)
FNDA:145,(anonymous_26)
FNDA:5,(anonymous_27)
DA:1,2
DA:2,2
DA:3,2
DA:38,2
DA:40,29
DA:41,17
DA:42,17
DA:43,17
DA:44,16
DA:46,1
DA:48,16
DA:50,16
DA:51,16
DA:54,29
DA:55,17
DA:56,17
DA:57,17
DA:58,16
DA:60,1
DA:62,16
DA:63,16
DA:64,16
DA:67,29
DA:70,29
DA:79,29
DA:80,29
DA:83,2
DA:85,2
DA:86,2
DA:87,2
DA:88,2
DA:91,2
DA:95,1
DA:96,1
DA:97,1
DA:98,0
DA:100,1
DA:102,1
DA:103,1
DA:104,1
DA:109,5
DA:110,1
DA:111,1
DA:114,4
DA:115,0
DA:116,0
DA:118,4
DA:123,3
DA:124,2
DA:125,0
DA:126,0
DA:129,2
DA:130,2
DA:131,1
DA:132,1
DA:136,1
DA:137,5
DA:138,0
DA:139,0
DA:143,1
DA:144,1
DA:145,1
DA:146,5
DA:147,5
DA:150,1
DA:151,1
DA:152,1
DA:153,1
DA:154,1
DA:158,29
DA:160,29
DA:181,29
DA:182,17
DA:183,17
DA:184,17
DA:185,17
DA:187,1
DA:188,1
DA:192,29
DA:195,3
DA:197,0
DA:207,3
DA:209,3
DA:230,3
DA:235,17
DA:236,17
DA:244,16
DA:245,3
DA:247,3
DA:248,3
DA:249,3
DA:250,3
DA:253,14
DA:256,17
DA:258,17
DA:267,0
DA:277,0
DA:278,0
DA:279,0
DA:280,0
DA:281,0
DA:282,0
DA:283,0
DA:284,0
DA:285,0
DA:290,29
DA:303,145
DA:309,5
LF:108
LH:90
BRDA:43,0,0,2
BRDA:43,0,1,15
BRDA:44,1,0,1
BRDA:44,1,1,15
BRDA:44,2,0,16
BRDA:44,2,1,1
BRDA:57,3,0,2
BRDA:57,3,1,15
BRDA:58,4,0,1
BRDA:58,4,1,15
BRDA:58,5,0,16
BRDA:58,5,1,1
BRDA:83,6,0,0
BRDA:83,6,1,2
BRDA:85,7,0,2
BRDA:85,7,1,0
BRDA:86,8,0,2
BRDA:86,8,1,0
BRDA:88,9,0,2
BRDA:88,9,1,0
BRDA:91,10,0,2
BRDA:91,10,1,0
BRDA:109,11,0,1
BRDA:109,11,1,4
BRDA:114,12,0,0
BRDA:114,12,1,4
BRDA:123,13,0,1
BRDA:123,13,1,2
BRDA:124,14,0,0
BRDA:124,14,1,2
BRDA:124,15,0,2
BRDA:124,15,1,2
BRDA:130,16,0,1
BRDA:130,16,1,1
BRDA:137,17,0,0
BRDA:137,17,1,5
BRDA:183,18,0,0
BRDA:183,18,1,17
BRDA:185,19,0,1
BRDA:185,19,1,16
BRDA:195,20,0,0
BRDA:195,20,1,3
BRDA:195,21,0,3
BRDA:195,21,1,3
BRDA:210,22,0,3
BRDA:210,22,1,3
BRDA:210,22,2,1
BRDA:211,23,0,3
BRDA:211,23,1,1
BRDA:212,24,0,3
BRDA:212,24,1,3
BRDA:213,25,0,3
BRDA:213,25,1,2
BRDA:215,26,0,3
BRDA:215,26,1,2
BRDA:216,27,0,3
BRDA:216,27,1,2
BRDA:217,28,0,3
BRDA:217,28,1,2
BRDA:218,29,0,3
BRDA:218,29,1,2
BRDA:222,30,0,3
BRDA:222,30,1,2
BRDA:223,31,0,3
BRDA:223,31,1,2
BRDA:224,32,0,3
BRDA:224,32,1,2
BRDA:225,33,0,3
BRDA:225,33,1,2
BRDA:244,34,0,1
BRDA:244,34,1,3
BRDA:263,35,0,0
BRDA:264,36,0,0
BRDA:265,37,0,0
BRDA:279,38,0,0
BRDA:279,38,1,0
BRDA:280,39,0,0
BRDA:280,39,1,0
BRDA:281,40,0,0
BRDA:281,40,1,0
BRDA:306,41,0,1
BRDA:306,41,1,144
BRDA:310,42,0,4
BRDA:310,42,1,140
BRDA:333,43,0,29
BRDA:333,43,1,25
BRDA:334,44,0,29
BRDA:334,44,1,25
BRDA:355,45,0,29
BRDA:355,45,1,25
BRDA:356,46,0,29
BRDA:356,46,1,25
BRF:92
BRH:73
end_of_record
TN:
SF:src\pages\Home\Home.tsx
FN:3,Home
FNF:1
FNH:1
FNDA:4,Home
DA:1,2
DA:4,4
DA:14,2
LF:3
LH:3
BRF:0
BRH:0
end_of_record
