TN:
SF:src\App.tsx
FN:7,App
FNF:1
FNH:1
FNDA:4,App
DA:1,1
DA:2,1
DA:3,1
DA:4,1
DA:5,1
DA:8,4
DA:28,1
LF:7
LH:7
BRF:0
BRH:0
end_of_record
TN:
SF:src\main.tsx
FNF:0
FNH:0
DA:1,1
DA:2,1
DA:3,1
DA:4,1
DA:6,1
LF:5
LH:5
BRF:0
BRH:0
end_of_record
TN:
SF:src\components\Board.tsx
FN:20,(anonymous_1)
FN:33,(anonymous_2)
FNF:2
FNH:2
FNDA:48,(anonymous_1)
FNDA:4800,(anonymous_2)
DA:1,2
DA:2,2
DA:20,2
DA:31,48
DA:35,4800
DA:36,4800
DA:58,2
LF:7
LH:7
BRDA:24,0,0,24
BRDA:25,1,0,24
BRDA:26,2,0,24
BRDA:27,3,0,24
BRDA:28,4,0,24
BRDA:35,5,0,4800
BRDA:35,5,1,4800
BRF:7
BRH:7
end_of_record
TN:
SF:src\components\Cell.tsx
FN:18,(anonymous_1)
FN:31,handleClick
FN:42,renderContent
FNF:3
FNH:2
FNDA:4800,(anonymous_1)
FNDA:0,handleClick
FNDA:4800,renderContent
DA:1,2
DA:18,2
DA:33,0
DA:34,0
DA:35,0
DA:38,0
DA:39,0
DA:44,4800
DA:45,2400
DA:46,2400
DA:50,2400
DA:52,2400
DA:53,2400
DA:54,2400
DA:58,0
DA:61,4800
DA:68,2
LF:17
LH:11
BRDA:24,0,0,0
BRDA:25,1,0,0
BRDA:26,2,0,0
BRDA:27,3,0,0
BRDA:28,4,0,0
BRDA:33,5,0,0
BRDA:33,5,1,0
BRDA:33,6,0,0
BRDA:33,6,1,0
BRDA:33,6,2,0
BRDA:34,7,0,0
BRDA:34,7,1,0
BRDA:44,8,0,2400
BRDA:44,8,1,2400
BRDA:45,9,0,0
BRDA:45,9,1,2400
BRDA:45,10,0,2400
BRDA:45,10,1,0
BRDA:50,11,0,2400
BRDA:50,11,1,0
BRDA:52,12,0,0
BRDA:52,12,1,2400
BRDA:52,13,0,2400
BRDA:52,13,1,2400
BRDA:53,14,0,0
BRDA:53,14,1,2400
BRF:26
BRH:9
end_of_record
TN:
SF:src\pages\ConnectivityTest.tsx
FN:3,Test
FN:6,check
FN:8,(anonymous_2)
FN:9,(anonymous_3)
FN:13,(anonymous_4)
FNF:5
FNH:5
FNDA:7,Test
FNDA:2,check
FNDA:1,(anonymous_2)
FNDA:1,(anonymous_3)
FNDA:1,(anonymous_4)
DA:1,2
DA:4,7
DA:7,2
DA:8,1
DA:10,1
DA:11,1
DA:14,1
DA:15,1
DA:20,7
DA:29,2
LF:10
LH:10
BRF:0
BRH:0
end_of_record
TN:
SF:src\pages\Game\Game.tsx
FN:38,Game
FN:40,(anonymous_11)
FN:54,(anonymous_12)
FN:82,updateBoard
FN:94,resetBoards
FN:107,selectShipToPlace
FN:121,placeShip
FN:152,(anonymous_17)
FN:181,(anonymous_18)
FN:192,(anonymous_19)
FN:194,normalizeScene
FN:234,fetchScene
FN:258,(anonymous_22)
FN:262,getCell
FN:271,setCell
FN:277,(anonymous_25)
FN:302,(anonymous_26)
FN:309,(anonymous_27)
FNF:18
FNH:12
FNDA:12,Game
FNDA:9,(anonymous_11)
FNDA:9,(anonymous_12)
FNDA:0,updateBoard
FNDA:1,resetBoards
FNDA:1,selectShipToPlace
FNDA:0,placeShip
FNDA:0,(anonymous_17)
FNDA:9,(anonymous_18)
FNDA:9,(anonymous_19)
FNDA:1,normalizeScene
FNDA:9,fetchScene
FNDA:9,(anonymous_22)
FNDA:0,getCell
FNDA:0,setCell
FNDA:0,(anonymous_25)
FNDA:60,(anonymous_26)
FNDA:1,(anonymous_27)
DA:1,2
DA:2,2
DA:3,2
DA:38,2
DA:40,12
DA:41,9
DA:42,9
DA:43,9
DA:44,8
DA:46,1
DA:48,8
DA:50,8
DA:51,8
DA:54,12
DA:55,9
DA:56,9
DA:57,9
DA:58,8
DA:60,1
DA:62,8
DA:63,8
DA:64,8
DA:67,12
DA:70,12
DA:79,12
DA:80,12
DA:83,0
DA:85,0
DA:86,0
DA:87,0
DA:88,0
DA:91,0
DA:95,1
DA:96,1
DA:97,1
DA:98,0
DA:100,1
DA:102,1
DA:103,1
DA:104,1
DA:109,1
DA:110,0
DA:111,0
DA:114,1
DA:115,0
DA:116,0
DA:118,1
DA:123,0
DA:124,0
DA:125,0
DA:126,0
DA:129,0
DA:130,0
DA:131,0
DA:132,0
DA:136,0
DA:137,0
DA:138,0
DA:139,0
DA:143,0
DA:144,0
DA:145,0
DA:146,0
DA:147,0
DA:150,0
DA:151,0
DA:152,0
DA:153,0
DA:154,0
DA:158,12
DA:160,12
DA:181,12
DA:182,9
DA:183,9
DA:184,9
DA:185,9
DA:187,1
DA:188,1
DA:192,12
DA:195,1
DA:197,0
DA:207,1
DA:209,1
DA:230,1
DA:235,9
DA:236,9
DA:244,8
DA:245,1
DA:247,1
DA:248,1
DA:249,1
DA:250,1
DA:253,8
DA:256,9
DA:258,9
DA:267,0
DA:277,0
DA:278,0
DA:279,0
DA:280,0
DA:281,0
DA:282,0
DA:283,0
DA:284,0
DA:285,0
DA:290,12
DA:303,60
DA:309,1
LF:108
LH:64
BRDA:43,0,0,2
BRDA:43,0,1,7
BRDA:44,1,0,1
BRDA:44,1,1,7
BRDA:44,2,0,8
BRDA:44,2,1,1
BRDA:57,3,0,2
BRDA:57,3,1,7
BRDA:58,4,0,1
BRDA:58,4,1,7
BRDA:58,5,0,8
BRDA:58,5,1,1
BRDA:83,6,0,0
BRDA:83,6,1,0
BRDA:85,7,0,0
BRDA:85,7,1,0
BRDA:86,8,0,0
BRDA:86,8,1,0
BRDA:88,9,0,0
BRDA:88,9,1,0
BRDA:91,10,0,0
BRDA:91,10,1,0
BRDA:109,11,0,0
BRDA:109,11,1,1
BRDA:114,12,0,0
BRDA:114,12,1,1
BRDA:123,13,0,0
BRDA:123,13,1,0
BRDA:124,14,0,0
BRDA:124,14,1,0
BRDA:124,15,0,0
BRDA:124,15,1,0
BRDA:130,16,0,0
BRDA:130,16,1,0
BRDA:137,17,0,0
BRDA:137,17,1,0
BRDA:183,18,0,0
BRDA:183,18,1,9
BRDA:185,19,0,1
BRDA:185,19,1,8
BRDA:195,20,0,0
BRDA:195,20,1,1
BRDA:195,21,0,1
BRDA:195,21,1,1
BRDA:210,22,0,1
BRDA:210,22,1,1
BRDA:210,22,2,0
BRDA:211,23,0,1
BRDA:211,23,1,0
BRDA:212,24,0,1
BRDA:212,24,1,1
BRDA:213,25,0,1
BRDA:213,25,1,1
BRDA:215,26,0,1
BRDA:215,26,1,1
BRDA:216,27,0,1
BRDA:216,27,1,1
BRDA:217,28,0,1
BRDA:217,28,1,1
BRDA:218,29,0,1
BRDA:218,29,1,1
BRDA:222,30,0,1
BRDA:222,30,1,1
BRDA:223,31,0,1
BRDA:223,31,1,1
BRDA:224,32,0,1
BRDA:224,32,1,1
BRDA:225,33,0,1
BRDA:225,33,1,1
BRDA:244,34,0,1
BRDA:244,34,1,1
BRDA:263,35,0,0
BRDA:264,36,0,0
BRDA:265,37,0,0
BRDA:279,38,0,0
BRDA:279,38,1,0
BRDA:280,39,0,0
BRDA:280,39,1,0
BRDA:281,40,0,0
BRDA:281,40,1,0
BRDA:306,41,0,0
BRDA:306,41,1,60
BRDA:310,42,0,1
BRDA:310,42,1,59
BRDA:333,43,0,12
BRDA:333,43,1,11
BRDA:334,44,0,12
BRDA:334,44,1,11
BRDA:355,45,0,12
BRDA:355,45,1,11
BRDA:356,46,0,12
BRDA:356,46,1,11
BRF:92
BRH:56
end_of_record
TN:
SF:src\pages\Home\Home.tsx
FN:3,Home
FNF:1
FNH:1
FNDA:4,Home
DA:1,2
DA:4,4
DA:14,2
LF:3
LH:3
BRF:0
BRH:0
end_of_record
TN:
SF:test\mocks\styleMock.js
FNF:0
FNH:0
DA:1,4
LF:1
LH:1
BRF:0
BRH:0
end_of_record
